2022-09-27 10:07:53 [Winston 연습 어플리케이션] info: Hello World!
2022-09-27 10:07:53 [Winston 연습 어플리케이션] error: Hello World!
2022-09-27 10:07:53 [Winston 연습 어플리케이션] warn: Hello World!
2022-09-27 10:13:23 [Winston 연습 어플리케이션] info: GET /
2022-09-27 11:03:03 [Winston 연습 어플리케이션] info: GET /
2022-09-27 11:03:35 [Winston 연습 어플리케이션] info: hi
2022-09-27 11:04:42 [Winston 연습 어플리케이션] info: test
2022-09-27 11:04:55 [Winston 연습 어플리케이션] info: socket.io test
2022-09-27 11:58:36 [Winston 연습 어플리케이션] info: GET /
2022-09-27 11:58:36 [Winston 연습 어플리케이션] info: GET /
2022-09-27 11:58:38 [Winston 연습 어플리케이션] info: GET /
2022-09-27 12:03:32 [Winston 연습 어플리케이션] info: GET /
2022-09-27 12:03:41 [Winston 연습 어플리케이션] info: GET /
2022-09-27 12:03:44 [Winston 연습 어플리케이션] info: GET /
2022-09-27 12:04:00 [Winston 연습 어플리케이션] info: GET /
2022-09-27 12:04:02 [Winston 연습 어플리케이션] info: sss
2022-09-27 12:15:13 [Winston 연습 어플리케이션] info: GET /
2022-09-27 12:15:19 [Winston 연습 어플리케이션] info: GET /
2022-09-27 12:15:49 [Winston 연습 어플리케이션] info: GET /
2022-09-27 12:15:55 [Winston 연습 어플리케이션] info: GET /
2022-09-27 12:15:58 [Winston 연습 어플리케이션] info: GET /
2022-09-27 12:16:01 [Winston 연습 어플리케이션] info: GET /
2022-09-27 12:19:52 [Winston 연습 어플리케이션] info: GET /
2022-09-27 12:20:00 [Winston 연습 어플리케이션] info: GET /
2022-09-27 12:22:51 [Winston 연습 어플리케이션] info: GET /
2022-09-27 12:22:55 [Winston 연습 어플리케이션] info: GET /
2022-09-27 12:22:58 [Winston 연습 어플리케이션] info: GET /
2022-09-27 12:22:59 [Winston 연습 어플리케이션] info: GET /
2022-09-27 12:23:41 [Winston 연습 어플리케이션] info: GET /
2022-09-27 12:24:10 [Winston 연습 어플리케이션] info: GET /
2022-09-27 12:24:12 [Winston 연습 어플리케이션] info: 0
2022-09-27 12:24:13 [Winston 연습 어플리케이션] info: 1
2022-09-27 12:24:13 [Winston 연습 어플리케이션] info: 0
2022-09-27 12:24:14 [Winston 연습 어플리케이션] info: 2
2022-09-27 12:24:14 [Winston 연습 어플리케이션] info: 1
2022-09-27 12:24:15 [Winston 연습 어플리케이션] info: 3
2022-09-27 12:24:15 [Winston 연습 어플리케이션] info: 2
2022-09-27 12:24:16 [Winston 연습 어플리케이션] info: 4
2022-09-27 12:24:16 [Winston 연습 어플리케이션] info: 3
2022-09-27 12:24:17 [Winston 연습 어플리케이션] info: 5
2022-09-27 12:24:17 [Winston 연습 어플리케이션] info: 4
2022-09-27 12:24:18 [Winston 연습 어플리케이션] info: 6
2022-09-27 12:24:18 [Winston 연습 어플리케이션] info: 5
2022-09-27 12:24:19 [Winston 연습 어플리케이션] info: 7
2022-09-27 12:24:19 [Winston 연습 어플리케이션] info: 6
2022-09-27 12:24:20 [Winston 연습 어플리케이션] info: 8
2022-09-27 12:24:20 [Winston 연습 어플리케이션] info: 7
2022-09-27 12:24:21 [Winston 연습 어플리케이션] info: 9
2022-09-27 12:24:21 [Winston 연습 어플리케이션] info: 8
2022-09-27 12:24:22 [Winston 연습 어플리케이션] info: 10
2022-09-27 12:24:22 [Winston 연습 어플리케이션] info: 9
2022-09-27 12:24:23 [Winston 연습 어플리케이션] info: 11
2022-09-27 12:24:23 [Winston 연습 어플리케이션] info: 10
2022-09-27 12:24:24 [Winston 연습 어플리케이션] info: 12
2022-09-27 12:24:25 [Winston 연습 어플리케이션] info: 13
2022-09-27 12:24:26 [Winston 연습 어플리케이션] info: 14
2022-09-27 12:24:27 [Winston 연습 어플리케이션] info: 15
2022-09-27 12:24:28 [Winston 연습 어플리케이션] info: 16
2022-09-27 12:24:29 [Winston 연습 어플리케이션] info: 17
2022-09-27 12:24:30 [Winston 연습 어플리케이션] info: 18
2022-09-27 12:24:31 [Winston 연습 어플리케이션] info: 19
2022-09-27 12:24:32 [Winston 연습 어플리케이션] info: 20
2022-09-27 12:24:33 [Winston 연습 어플리케이션] info: 21
2022-09-27 12:24:34 [Winston 연습 어플리케이션] info: 22
2022-09-27 12:24:35 [Winston 연습 어플리케이션] info: 23
2022-09-27 12:24:36 [Winston 연습 어플리케이션] info: 24
2022-09-27 12:24:37 [Winston 연습 어플리케이션] info: 25
2022-09-27 12:24:38 [Winston 연습 어플리케이션] info: 26
2022-09-27 12:24:39 [Winston 연습 어플리케이션] info: 27
2022-09-27 12:24:40 [Winston 연습 어플리케이션] info: 28
2022-09-27 12:24:41 [Winston 연습 어플리케이션] info: 29
2022-09-27 12:24:42 [Winston 연습 어플리케이션] info: 30
2022-09-27 12:24:43 [Winston 연습 어플리케이션] info: 31
2022-09-27 12:24:44 [Winston 연습 어플리케이션] info: 32
2022-09-27 12:24:45 [Winston 연습 어플리케이션] info: 33
2022-09-27 12:24:46 [Winston 연습 어플리케이션] info: 34
2022-09-27 12:24:47 [Winston 연습 어플리케이션] info: 35
2022-09-27 12:24:48 [Winston 연습 어플리케이션] info: 36
2022-09-27 12:24:49 [Winston 연습 어플리케이션] info: 37
2022-09-27 12:24:50 [Winston 연습 어플리케이션] info: 38
2022-09-27 12:24:51 [Winston 연습 어플리케이션] info: 39
2022-09-27 12:24:52 [Winston 연습 어플리케이션] info: 40
2022-09-27 12:24:53 [Winston 연습 어플리케이션] info: 41
2022-09-27 12:24:54 [Winston 연습 어플리케이션] info: 42
2022-09-27 12:24:55 [Winston 연습 어플리케이션] info: 43
2022-09-27 12:24:56 [Winston 연습 어플리케이션] info: 44
2022-09-27 12:24:57 [Winston 연습 어플리케이션] info: 45
2022-09-27 12:24:58 [Winston 연습 어플리케이션] info: 46
2022-09-27 12:24:59 [Winston 연습 어플리케이션] info: 47
2022-09-27 12:25:00 [Winston 연습 어플리케이션] info: 48
2022-09-27 12:25:01 [Winston 연습 어플리케이션] info: 49
2022-09-27 12:25:02 [Winston 연습 어플리케이션] info: 50
2022-09-27 12:25:03 [Winston 연습 어플리케이션] info: 51
2022-09-27 12:25:04 [Winston 연습 어플리케이션] info: 52
2022-09-27 12:25:05 [Winston 연습 어플리케이션] info: 53
2022-09-27 12:25:06 [Winston 연습 어플리케이션] info: 54
2022-09-27 12:25:07 [Winston 연습 어플리케이션] info: 55
2022-09-27 12:25:08 [Winston 연습 어플리케이션] info: 56
2022-09-27 12:25:09 [Winston 연습 어플리케이션] info: 57
2022-09-27 12:25:10 [Winston 연습 어플리케이션] info: 58
2022-09-27 12:25:11 [Winston 연습 어플리케이션] info: 59
2022-09-27 12:25:12 [Winston 연습 어플리케이션] info: 60
2022-09-27 12:25:13 [Winston 연습 어플리케이션] info: 61
2022-09-27 12:25:14 [Winston 연습 어플리케이션] info: 62
2022-09-27 12:25:15 [Winston 연습 어플리케이션] info: 63
2022-09-27 12:25:16 [Winston 연습 어플리케이션] info: 64
2022-09-27 12:25:17 [Winston 연습 어플리케이션] info: 65
2022-09-27 12:25:18 [Winston 연습 어플리케이션] info: 66
2022-09-27 12:25:19 [Winston 연습 어플리케이션] info: 67
2022-09-27 12:25:20 [Winston 연습 어플리케이션] info: 68
2022-09-27 12:25:21 [Winston 연습 어플리케이션] info: 69
2022-09-27 12:25:22 [Winston 연습 어플리케이션] info: 70
2022-09-27 12:25:23 [Winston 연습 어플리케이션] info: 71
2022-09-27 12:25:24 [Winston 연습 어플리케이션] info: 72
2022-09-27 12:25:25 [Winston 연습 어플리케이션] info: 73
2022-09-27 12:25:26 [Winston 연습 어플리케이션] info: 74
2022-09-27 12:25:27 [Winston 연습 어플리케이션] info: 75
2022-09-27 12:25:28 [Winston 연습 어플리케이션] info: 76
2022-09-27 12:25:29 [Winston 연습 어플리케이션] info: 77
2022-09-27 12:25:30 [Winston 연습 어플리케이션] info: 78
2022-09-27 12:25:31 [Winston 연습 어플리케이션] info: 79
2022-09-27 12:25:32 [Winston 연습 어플리케이션] info: 80
2022-09-27 12:25:33 [Winston 연습 어플리케이션] info: 81
2022-09-27 12:25:34 [Winston 연습 어플리케이션] info: 82
2022-09-27 12:25:35 [Winston 연습 어플리케이션] info: 83
2022-09-27 12:25:36 [Winston 연습 어플리케이션] info: 84
2022-09-27 12:25:37 [Winston 연습 어플리케이션] info: 85
2022-09-27 12:25:38 [Winston 연습 어플리케이션] info: 86
2022-09-27 12:25:39 [Winston 연습 어플리케이션] info: 87
2022-09-27 12:25:40 [Winston 연습 어플리케이션] info: 88
2022-09-27 12:25:41 [Winston 연습 어플리케이션] info: 89
2022-09-27 12:25:42 [Winston 연습 어플리케이션] info: 90
2022-09-27 12:25:43 [Winston 연습 어플리케이션] info: 91
2022-09-27 12:25:44 [Winston 연습 어플리케이션] info: 92
2022-09-27 12:25:45 [Winston 연습 어플리케이션] info: 93
2022-09-27 12:25:46 [Winston 연습 어플리케이션] info: 94
2022-09-27 12:25:47 [Winston 연습 어플리케이션] info: 95
2022-09-27 12:25:48 [Winston 연습 어플리케이션] info: 96
2022-09-27 12:25:49 [Winston 연습 어플리케이션] info: 97
2022-09-27 12:25:50 [Winston 연습 어플리케이션] info: 98
2022-09-27 12:25:51 [Winston 연습 어플리케이션] info: 99
2022-09-27 12:25:52 [Winston 연습 어플리케이션] info: 100
2022-09-27 12:25:53 [Winston 연습 어플리케이션] info: 101
2022-09-27 12:25:54 [Winston 연습 어플리케이션] info: 102
2022-09-27 12:25:55 [Winston 연습 어플리케이션] info: 103
2022-09-27 12:25:56 [Winston 연습 어플리케이션] info: 104
2022-09-27 12:25:57 [Winston 연습 어플리케이션] info: 105
2022-09-27 12:25:58 [Winston 연습 어플리케이션] info: 106
2022-09-27 12:25:59 [Winston 연습 어플리케이션] info: 107
2022-09-27 12:26:00 [Winston 연습 어플리케이션] info: 108
2022-09-27 12:26:01 [Winston 연습 어플리케이션] info: 109
2022-09-27 12:26:02 [Winston 연습 어플리케이션] info: 110
2022-09-27 12:26:03 [Winston 연습 어플리케이션] info: 111
2022-09-27 12:26:04 [Winston 연습 어플리케이션] info: 112
2022-09-27 12:26:05 [Winston 연습 어플리케이션] info: 113
2022-09-27 12:26:06 [Winston 연습 어플리케이션] info: 114
2022-09-27 12:26:07 [Winston 연습 어플리케이션] info: 115
2022-09-27 12:26:08 [Winston 연습 어플리케이션] info: 116
2022-09-27 12:26:09 [Winston 연습 어플리케이션] info: 117
2022-09-27 12:26:10 [Winston 연습 어플리케이션] info: 118
2022-09-27 12:26:11 [Winston 연습 어플리케이션] info: 119
2022-09-27 12:26:12 [Winston 연습 어플리케이션] info: 120
2022-09-27 12:26:13 [Winston 연습 어플리케이션] info: 121
2022-09-27 12:26:14 [Winston 연습 어플리케이션] info: 122
2022-09-27 12:26:15 [Winston 연습 어플리케이션] info: 123
2022-09-27 12:26:16 [Winston 연습 어플리케이션] info: 124
2022-09-27 12:26:17 [Winston 연습 어플리케이션] info: 125
2022-09-27 12:26:18 [Winston 연습 어플리케이션] info: 126
2022-09-27 12:26:19 [Winston 연습 어플리케이션] info: 127
2022-09-27 12:26:20 [Winston 연습 어플리케이션] info: 128
2022-09-27 12:26:21 [Winston 연습 어플리케이션] info: 129
2022-09-27 12:26:22 [Winston 연습 어플리케이션] info: 130
2022-09-27 12:26:23 [Winston 연습 어플리케이션] info: 131
2022-09-27 12:26:24 [Winston 연습 어플리케이션] info: 132
2022-09-27 12:26:25 [Winston 연습 어플리케이션] info: 133
2022-09-27 12:26:26 [Winston 연습 어플리케이션] info: 134
2022-09-27 12:26:27 [Winston 연습 어플리케이션] info: 135
2022-09-27 12:26:28 [Winston 연습 어플리케이션] info: 136
2022-09-27 12:26:29 [Winston 연습 어플리케이션] info: 137
2022-09-27 12:26:30 [Winston 연습 어플리케이션] info: 138
2022-09-27 12:26:31 [Winston 연습 어플리케이션] info: 139
2022-09-27 12:26:32 [Winston 연습 어플리케이션] info: 140
2022-09-27 12:26:33 [Winston 연습 어플리케이션] info: 141
2022-09-27 12:26:34 [Winston 연습 어플리케이션] info: 142
2022-09-27 12:26:35 [Winston 연습 어플리케이션] info: 143
2022-09-27 12:26:36 [Winston 연습 어플리케이션] info: 144
2022-09-27 12:26:37 [Winston 연습 어플리케이션] info: 145
2022-09-27 12:26:38 [Winston 연습 어플리케이션] info: 146
2022-09-27 12:26:39 [Winston 연습 어플리케이션] info: 147
2022-09-27 12:26:40 [Winston 연습 어플리케이션] info: 148
2022-09-27 12:26:41 [Winston 연습 어플리케이션] info: 149
2022-09-27 12:26:42 [Winston 연습 어플리케이션] info: 150
2022-09-27 12:26:43 [Winston 연습 어플리케이션] info: 151
2022-09-27 12:26:44 [Winston 연습 어플리케이션] info: 152
2022-09-27 12:26:45 [Winston 연습 어플리케이션] info: 153
2022-09-27 12:26:46 [Winston 연습 어플리케이션] info: 154
2022-09-27 12:26:47 [Winston 연습 어플리케이션] info: 155
2022-09-27 12:26:48 [Winston 연습 어플리케이션] info: 156
2022-09-27 12:26:49 [Winston 연습 어플리케이션] info: 157
2022-09-27 12:26:50 [Winston 연습 어플리케이션] info: 158
2022-09-27 12:26:51 [Winston 연습 어플리케이션] info: 159
2022-09-27 12:26:52 [Winston 연습 어플리케이션] info: 160
2022-09-27 12:26:53 [Winston 연습 어플리케이션] info: 161
2022-09-27 12:26:54 [Winston 연습 어플리케이션] info: 162
2022-09-27 12:26:55 [Winston 연습 어플리케이션] info: 163
2022-09-27 12:26:56 [Winston 연습 어플리케이션] info: 164
2022-09-27 12:26:57 [Winston 연습 어플리케이션] info: 165
2022-09-27 12:26:58 [Winston 연습 어플리케이션] info: 166
2022-09-27 12:26:59 [Winston 연습 어플리케이션] info: 167
2022-09-27 12:27:00 [Winston 연습 어플리케이션] info: 168
2022-09-27 12:27:01 [Winston 연습 어플리케이션] info: 169
2022-09-27 12:27:02 [Winston 연습 어플리케이션] info: 170
2022-09-27 12:27:03 [Winston 연습 어플리케이션] info: 171
2022-09-27 12:27:04 [Winston 연습 어플리케이션] info: 172
2022-09-27 12:27:05 [Winston 연습 어플리케이션] info: 173
2022-09-27 12:27:06 [Winston 연습 어플리케이션] info: 174
2022-09-27 12:27:07 [Winston 연습 어플리케이션] info: 175
2022-09-27 12:27:08 [Winston 연습 어플리케이션] info: 176
2022-09-27 12:27:09 [Winston 연습 어플리케이션] info: 177
2022-09-27 12:27:10 [Winston 연습 어플리케이션] info: 178
2022-09-27 12:27:11 [Winston 연습 어플리케이션] info: 179
2022-09-27 12:27:12 [Winston 연습 어플리케이션] info: 180
2022-09-27 12:27:13 [Winston 연습 어플리케이션] info: 181
2022-09-27 12:27:14 [Winston 연습 어플리케이션] info: 182
2022-09-27 12:27:15 [Winston 연습 어플리케이션] info: 183
2022-09-27 12:27:16 [Winston 연습 어플리케이션] info: 184
2022-09-27 12:27:17 [Winston 연습 어플리케이션] info: 185
2022-09-27 12:27:18 [Winston 연습 어플리케이션] info: 186
2022-09-27 12:27:19 [Winston 연습 어플리케이션] info: 187
2022-09-27 12:27:20 [Winston 연습 어플리케이션] info: 188
2022-09-27 12:27:21 [Winston 연습 어플리케이션] info: 189
2022-09-27 12:27:22 [Winston 연습 어플리케이션] info: 190
2022-09-27 12:27:23 [Winston 연습 어플리케이션] info: 191
2022-09-27 12:27:24 [Winston 연습 어플리케이션] info: 192
2022-09-27 12:27:25 [Winston 연습 어플리케이션] info: 193
2022-09-27 12:27:26 [Winston 연습 어플리케이션] info: 194
2022-09-27 12:27:27 [Winston 연습 어플리케이션] info: 195
2022-09-27 12:27:28 [Winston 연습 어플리케이션] info: 196
2022-09-27 12:27:29 [Winston 연습 어플리케이션] info: 197
2022-09-27 12:27:30 [Winston 연습 어플리케이션] info: 198
2022-09-27 12:27:31 [Winston 연습 어플리케이션] info: 199
2022-09-27 12:27:32 [Winston 연습 어플리케이션] info: 200
2022-09-27 12:27:33 [Winston 연습 어플리케이션] info: 201
2022-09-27 12:27:34 [Winston 연습 어플리케이션] info: 202
2022-09-27 12:27:35 [Winston 연습 어플리케이션] info: 203
2022-09-27 12:27:36 [Winston 연습 어플리케이션] info: 204
2022-09-27 12:27:37 [Winston 연습 어플리케이션] info: 205
2022-09-27 12:27:38 [Winston 연습 어플리케이션] info: 206
2022-09-27 12:27:39 [Winston 연습 어플리케이션] info: 207
2022-09-27 12:27:40 [Winston 연습 어플리케이션] info: 208
2022-09-27 12:27:41 [Winston 연습 어플리케이션] info: 209
2022-09-27 12:27:42 [Winston 연습 어플리케이션] info: 210
2022-09-27 12:27:43 [Winston 연습 어플리케이션] info: 211
2022-09-27 12:27:44 [Winston 연습 어플리케이션] info: 212
2022-09-27 12:27:45 [Winston 연습 어플리케이션] info: 213
2022-09-27 12:27:46 [Winston 연습 어플리케이션] info: 214
2022-09-27 12:27:47 [Winston 연습 어플리케이션] info: 215
2022-09-27 12:27:48 [Winston 연습 어플리케이션] info: 216
2022-09-27 12:27:49 [Winston 연습 어플리케이션] info: 217
2022-09-27 12:27:50 [Winston 연습 어플리케이션] info: 218
2022-09-27 12:27:51 [Winston 연습 어플리케이션] info: 219
2022-09-27 12:27:52 [Winston 연습 어플리케이션] info: 220
2022-09-27 12:27:53 [Winston 연습 어플리케이션] info: 221
2022-09-27 12:27:54 [Winston 연습 어플리케이션] info: 222
2022-09-27 12:27:55 [Winston 연습 어플리케이션] info: 223
2022-09-27 12:27:56 [Winston 연습 어플리케이션] info: 224
2022-09-27 12:27:57 [Winston 연습 어플리케이션] info: 225
2022-09-27 12:27:58 [Winston 연습 어플리케이션] info: 226
2022-09-27 12:27:59 [Winston 연습 어플리케이션] info: 227
2022-09-27 12:28:00 [Winston 연습 어플리케이션] info: 228
2022-09-27 12:28:01 [Winston 연습 어플리케이션] info: 229
2022-09-27 12:28:02 [Winston 연습 어플리케이션] info: 230
2022-09-27 12:28:03 [Winston 연습 어플리케이션] info: 231
2022-09-27 12:28:04 [Winston 연습 어플리케이션] info: 232
2022-09-27 12:28:05 [Winston 연습 어플리케이션] info: 233
2022-09-27 12:28:06 [Winston 연습 어플리케이션] info: 234
2022-09-27 12:28:07 [Winston 연습 어플리케이션] info: 235
2022-09-27 12:28:08 [Winston 연습 어플리케이션] info: 236
2022-09-27 12:28:09 [Winston 연습 어플리케이션] info: 237
2022-09-27 12:28:10 [Winston 연습 어플리케이션] info: 238
2022-09-27 12:28:11 [Winston 연습 어플리케이션] info: 239
2022-09-27 12:28:12 [Winston 연습 어플리케이션] info: 240
2022-09-27 12:28:13 [Winston 연습 어플리케이션] info: 241
2022-09-27 12:28:14 [Winston 연습 어플리케이션] info: 242
2022-09-27 12:28:15 [Winston 연습 어플리케이션] info: 243
2022-09-27 12:28:16 [Winston 연습 어플리케이션] info: 244
2022-09-27 12:28:17 [Winston 연습 어플리케이션] info: 245
2022-09-27 12:28:18 [Winston 연습 어플리케이션] info: 246
2022-09-27 12:28:19 [Winston 연습 어플리케이션] info: 247
2022-09-27 12:28:20 [Winston 연습 어플리케이션] info: 248
2022-09-27 12:28:21 [Winston 연습 어플리케이션] info: 249
2022-09-27 12:28:22 [Winston 연습 어플리케이션] info: 250
2022-09-27 12:28:23 [Winston 연습 어플리케이션] info: 251
2022-09-27 12:28:24 [Winston 연습 어플리케이션] info: 252
2022-09-27 12:28:25 [Winston 연습 어플리케이션] info: 253
2022-09-27 12:28:26 [Winston 연습 어플리케이션] info: 254
2022-09-27 12:28:27 [Winston 연습 어플리케이션] info: 255
2022-09-27 12:28:28 [Winston 연습 어플리케이션] info: 256
2022-09-27 12:28:29 [Winston 연습 어플리케이션] info: 257
2022-09-27 12:28:30 [Winston 연습 어플리케이션] info: 258
2022-09-27 12:28:31 [Winston 연습 어플리케이션] info: 259
2022-09-27 12:28:32 [Winston 연습 어플리케이션] info: 260
2022-09-27 12:28:33 [Winston 연습 어플리케이션] info: 261
2022-09-27 12:28:34 [Winston 연습 어플리케이션] info: 262
2022-09-27 12:28:35 [Winston 연습 어플리케이션] info: 263
2022-09-27 12:28:36 [Winston 연습 어플리케이션] info: 264
2022-09-27 12:28:37 [Winston 연습 어플리케이션] info: 265
2022-09-27 12:28:38 [Winston 연습 어플리케이션] info: 266
2022-09-27 12:28:39 [Winston 연습 어플리케이션] info: 267
2022-09-27 12:28:40 [Winston 연습 어플리케이션] info: 268
2022-09-27 12:28:41 [Winston 연습 어플리케이션] info: 269
2022-09-27 12:28:42 [Winston 연습 어플리케이션] info: 270
2022-09-27 12:28:43 [Winston 연습 어플리케이션] info: 271
2022-09-27 12:28:44 [Winston 연습 어플리케이션] info: 272
2022-09-27 12:28:45 [Winston 연습 어플리케이션] info: 273
2022-09-27 12:28:46 [Winston 연습 어플리케이션] info: 274
2022-09-27 12:28:47 [Winston 연습 어플리케이션] info: 275
2022-09-27 12:28:48 [Winston 연습 어플리케이션] info: 276
2022-09-27 12:28:49 [Winston 연습 어플리케이션] info: 277
2022-09-27 12:28:50 [Winston 연습 어플리케이션] info: 278
2022-09-27 12:28:51 [Winston 연습 어플리케이션] info: 279
2022-09-27 12:28:52 [Winston 연습 어플리케이션] info: 280
2022-09-27 12:28:53 [Winston 연습 어플리케이션] info: 281
2022-09-27 12:28:54 [Winston 연습 어플리케이션] info: 282
2022-09-27 12:28:55 [Winston 연습 어플리케이션] info: 283
2022-09-27 12:28:56 [Winston 연습 어플리케이션] info: 284
2022-09-27 12:28:57 [Winston 연습 어플리케이션] info: 285
2022-09-27 12:28:58 [Winston 연습 어플리케이션] info: 286
2022-09-27 12:28:59 [Winston 연습 어플리케이션] info: 287
2022-09-27 12:29:00 [Winston 연습 어플리케이션] info: 288
2022-09-27 12:29:01 [Winston 연습 어플리케이션] info: 289
2022-09-27 12:29:02 [Winston 연습 어플리케이션] info: 290
2022-09-27 12:29:03 [Winston 연습 어플리케이션] info: 291
2022-09-27 12:29:04 [Winston 연습 어플리케이션] info: 292
2022-09-27 12:29:05 [Winston 연습 어플리케이션] info: 293
2022-09-27 12:29:06 [Winston 연습 어플리케이션] info: 294
2022-09-27 12:29:07 [Winston 연습 어플리케이션] info: 295
2022-09-27 12:29:08 [Winston 연습 어플리케이션] info: 296
2022-09-27 12:29:09 [Winston 연습 어플리케이션] info: 297
2022-09-27 12:29:10 [Winston 연습 어플리케이션] info: 298
2022-09-27 12:29:11 [Winston 연습 어플리케이션] info: 299
2022-09-27 12:29:12 [Winston 연습 어플리케이션] info: 300
2022-09-27 12:29:13 [Winston 연습 어플리케이션] info: 301
2022-09-27 12:29:14 [Winston 연습 어플리케이션] info: 302
2022-09-27 12:29:15 [Winston 연습 어플리케이션] info: 303
2022-09-27 12:29:16 [Winston 연습 어플리케이션] info: 304
2022-09-27 12:29:17 [Winston 연습 어플리케이션] info: 305
2022-09-27 12:29:18 [Winston 연습 어플리케이션] info: 306
2022-09-27 12:29:19 [Winston 연습 어플리케이션] info: 307
2022-09-27 12:29:20 [Winston 연습 어플리케이션] info: 308
2022-09-27 12:29:21 [Winston 연습 어플리케이션] info: 309
2022-09-27 12:29:22 [Winston 연습 어플리케이션] info: 310
2022-09-27 12:29:23 [Winston 연습 어플리케이션] info: 311
2022-09-27 12:29:24 [Winston 연습 어플리케이션] info: 312
2022-09-27 12:29:25 [Winston 연습 어플리케이션] info: 313
2022-09-27 12:29:26 [Winston 연습 어플리케이션] info: 314
2022-09-27 12:29:27 [Winston 연습 어플리케이션] info: 315
2022-09-27 12:29:28 [Winston 연습 어플리케이션] info: 316
2022-09-27 12:29:29 [Winston 연습 어플리케이션] info: 317
2022-09-27 12:29:30 [Winston 연습 어플리케이션] info: 318
2022-09-27 12:29:31 [Winston 연습 어플리케이션] info: 319
2022-09-27 12:29:32 [Winston 연습 어플리케이션] info: 320
2022-09-27 12:29:33 [Winston 연습 어플리케이션] info: 321
2022-09-27 12:29:34 [Winston 연습 어플리케이션] info: 322
2022-09-27 12:29:35 [Winston 연습 어플리케이션] info: 323
2022-09-27 12:29:36 [Winston 연습 어플리케이션] info: 324
2022-09-27 12:29:37 [Winston 연습 어플리케이션] info: 325
2022-09-27 12:29:38 [Winston 연습 어플리케이션] info: 326
2022-09-27 12:29:39 [Winston 연습 어플리케이션] info: 327
2022-09-27 12:29:40 [Winston 연습 어플리케이션] info: 328
2022-09-27 12:29:41 [Winston 연습 어플리케이션] info: 329
2022-09-27 12:29:42 [Winston 연습 어플리케이션] info: 330
2022-09-27 12:29:43 [Winston 연습 어플리케이션] info: 331
2022-09-27 12:29:44 [Winston 연습 어플리케이션] info: 332
2022-09-27 12:29:45 [Winston 연습 어플리케이션] info: 333
2022-09-27 12:29:46 [Winston 연습 어플리케이션] info: 334
2022-09-27 12:29:47 [Winston 연습 어플리케이션] info: 335
2022-09-27 12:29:48 [Winston 연습 어플리케이션] info: 336
2022-09-27 12:29:49 [Winston 연습 어플리케이션] info: 337
2022-09-27 12:29:50 [Winston 연습 어플리케이션] info: 338
2022-09-27 12:29:51 [Winston 연습 어플리케이션] info: 339
2022-09-27 12:29:52 [Winston 연습 어플리케이션] info: 340
2022-09-27 12:29:53 [Winston 연습 어플리케이션] info: 341
2022-09-27 12:29:54 [Winston 연습 어플리케이션] info: 342
2022-09-27 12:29:55 [Winston 연습 어플리케이션] info: 343
2022-09-27 12:29:56 [Winston 연습 어플리케이션] info: 344
2022-09-27 12:29:57 [Winston 연습 어플리케이션] info: 345
2022-09-27 12:29:58 [Winston 연습 어플리케이션] info: 346
2022-09-27 12:29:59 [Winston 연습 어플리케이션] info: 347
2022-09-27 12:30:00 [Winston 연습 어플리케이션] info: 348
2022-09-27 12:30:01 [Winston 연습 어플리케이션] info: 349
2022-09-27 12:30:02 [Winston 연습 어플리케이션] info: 350
2022-09-27 12:30:03 [Winston 연습 어플리케이션] info: 351
2022-09-27 12:30:04 [Winston 연습 어플리케이션] info: 352
2022-09-27 12:30:05 [Winston 연습 어플리케이션] info: 353
2022-09-27 12:30:06 [Winston 연습 어플리케이션] info: 354
2022-09-27 12:30:07 [Winston 연습 어플리케이션] info: 355
2022-09-27 12:30:08 [Winston 연습 어플리케이션] info: 356
2022-09-27 12:30:09 [Winston 연습 어플리케이션] info: 357
2022-09-27 12:30:10 [Winston 연습 어플리케이션] info: 358
2022-09-27 12:30:11 [Winston 연습 어플리케이션] info: 359
2022-09-27 12:30:12 [Winston 연습 어플리케이션] info: 360
2022-09-27 12:30:13 [Winston 연습 어플리케이션] info: 361
2022-09-27 12:30:14 [Winston 연습 어플리케이션] info: 362
2022-09-27 12:30:15 [Winston 연습 어플리케이션] info: 363
2022-09-27 12:30:16 [Winston 연습 어플리케이션] info: 364
2022-09-27 12:30:17 [Winston 연습 어플리케이션] info: 365
2022-09-27 12:30:18 [Winston 연습 어플리케이션] info: 366
2022-09-27 12:30:19 [Winston 연습 어플리케이션] info: 367
2022-09-27 12:30:20 [Winston 연습 어플리케이션] info: 368
2022-09-27 12:30:21 [Winston 연습 어플리케이션] info: 369
2022-09-27 12:30:22 [Winston 연습 어플리케이션] info: 370
2022-09-27 12:30:23 [Winston 연습 어플리케이션] info: 371
2022-09-27 12:30:24 [Winston 연습 어플리케이션] info: 372
2022-09-27 12:30:25 [Winston 연습 어플리케이션] info: 373
2022-09-27 12:30:26 [Winston 연습 어플리케이션] info: 374
2022-09-27 12:30:27 [Winston 연습 어플리케이션] info: 375
2022-09-27 12:30:28 [Winston 연습 어플리케이션] info: 376
2022-09-27 12:30:29 [Winston 연습 어플리케이션] info: 377
2022-09-27 12:30:30 [Winston 연습 어플리케이션] info: 378
2022-09-27 12:30:31 [Winston 연습 어플리케이션] info: 379
2022-09-27 12:30:32 [Winston 연습 어플리케이션] info: 380
2022-09-27 12:30:33 [Winston 연습 어플리케이션] info: 381
2022-09-27 12:30:34 [Winston 연습 어플리케이션] info: 382
2022-09-27 12:30:35 [Winston 연습 어플리케이션] info: 383
2022-09-27 12:30:36 [Winston 연습 어플리케이션] info: 384
2022-09-27 12:30:37 [Winston 연습 어플리케이션] info: 385
2022-09-27 12:30:38 [Winston 연습 어플리케이션] info: 386
2022-09-27 12:30:39 [Winston 연습 어플리케이션] info: 387
2022-09-27 12:30:40 [Winston 연습 어플리케이션] info: 388
2022-09-27 12:30:41 [Winston 연습 어플리케이션] info: 389
2022-09-27 12:30:42 [Winston 연습 어플리케이션] info: 390
2022-09-27 12:30:43 [Winston 연습 어플리케이션] info: 391
2022-09-27 12:30:44 [Winston 연습 어플리케이션] info: 392
2022-09-27 12:30:45 [Winston 연습 어플리케이션] info: 393
2022-09-27 12:30:46 [Winston 연습 어플리케이션] info: 394
2022-09-27 12:30:47 [Winston 연습 어플리케이션] info: 395
2022-09-27 12:30:48 [Winston 연습 어플리케이션] info: 396
2022-09-27 12:30:49 [Winston 연습 어플리케이션] info: 397
2022-09-27 12:30:50 [Winston 연습 어플리케이션] info: 398
2022-09-27 12:30:51 [Winston 연습 어플리케이션] info: 399
2022-09-27 12:30:52 [Winston 연습 어플리케이션] info: 400
2022-09-27 12:30:53 [Winston 연습 어플리케이션] info: 401
2022-09-27 12:30:54 [Winston 연습 어플리케이션] info: 402
2022-09-27 12:30:55 [Winston 연습 어플리케이션] info: 403
2022-09-27 12:30:56 [Winston 연습 어플리케이션] info: 404
2022-09-27 12:30:57 [Winston 연습 어플리케이션] info: 405
2022-09-27 12:30:58 [Winston 연습 어플리케이션] info: 406
2022-09-27 12:30:59 [Winston 연습 어플리케이션] info: 407
2022-09-27 12:31:00 [Winston 연습 어플리케이션] info: 408
2022-09-27 12:31:01 [Winston 연습 어플리케이션] info: 409
2022-09-27 12:31:02 [Winston 연습 어플리케이션] info: 410
2022-09-27 12:31:03 [Winston 연습 어플리케이션] info: 411
2022-09-27 12:31:04 [Winston 연습 어플리케이션] info: 412
2022-09-27 12:31:05 [Winston 연습 어플리케이션] info: 413
2022-09-27 12:31:06 [Winston 연습 어플리케이션] info: 414
2022-09-27 12:31:07 [Winston 연습 어플리케이션] info: 415
2022-09-27 12:31:08 [Winston 연습 어플리케이션] info: 416
2022-09-27 12:31:09 [Winston 연습 어플리케이션] info: 417
2022-09-27 12:31:10 [Winston 연습 어플리케이션] info: 418
2022-09-27 12:31:11 [Winston 연습 어플리케이션] info: 419
2022-09-27 12:31:12 [Winston 연습 어플리케이션] info: 420
2022-09-27 12:31:13 [Winston 연습 어플리케이션] info: 421
2022-09-27 12:31:14 [Winston 연습 어플리케이션] info: 422
2022-09-27 12:31:15 [Winston 연습 어플리케이션] info: 423
2022-09-27 12:31:16 [Winston 연습 어플리케이션] info: 424
2022-09-27 12:31:17 [Winston 연습 어플리케이션] info: 425
2022-09-27 12:31:18 [Winston 연습 어플리케이션] info: 426
2022-09-27 12:31:19 [Winston 연습 어플리케이션] info: 427
2022-09-27 12:31:20 [Winston 연습 어플리케이션] info: 428
2022-09-27 12:31:21 [Winston 연습 어플리케이션] info: 429
2022-09-27 12:31:22 [Winston 연습 어플리케이션] info: 430
2022-09-27 12:31:23 [Winston 연습 어플리케이션] info: 431
2022-09-27 12:31:24 [Winston 연습 어플리케이션] info: 432
2022-09-27 12:31:25 [Winston 연습 어플리케이션] info: 433
2022-09-27 12:31:26 [Winston 연습 어플리케이션] info: 434
2022-09-27 12:31:27 [Winston 연습 어플리케이션] info: 435
2022-09-27 12:31:28 [Winston 연습 어플리케이션] info: 436
2022-09-27 12:31:29 [Winston 연습 어플리케이션] info: 437
2022-09-27 12:31:30 [Winston 연습 어플리케이션] info: 438
2022-09-27 12:31:31 [Winston 연습 어플리케이션] info: 439
2022-09-27 12:31:32 [Winston 연습 어플리케이션] info: 440
2022-09-27 12:31:33 [Winston 연습 어플리케이션] info: 441
2022-09-27 12:31:34 [Winston 연습 어플리케이션] info: 442
2022-09-27 12:31:35 [Winston 연습 어플리케이션] info: 443
2022-09-27 12:31:36 [Winston 연습 어플리케이션] info: 444
2022-09-27 12:31:37 [Winston 연습 어플리케이션] info: 445
2022-09-27 12:31:38 [Winston 연습 어플리케이션] info: 446
2022-09-27 12:31:39 [Winston 연습 어플리케이션] info: 447
2022-09-27 12:31:40 [Winston 연습 어플리케이션] info: 448
2022-09-27 12:31:41 [Winston 연습 어플리케이션] info: 449
2022-09-27 12:31:42 [Winston 연습 어플리케이션] info: 450
2022-09-27 12:31:43 [Winston 연습 어플리케이션] info: 451
2022-09-27 12:31:44 [Winston 연습 어플리케이션] info: 452
2022-09-27 12:31:45 [Winston 연습 어플리케이션] info: 453
2022-09-27 12:31:46 [Winston 연습 어플리케이션] info: 454
2022-09-27 12:31:47 [Winston 연습 어플리케이션] info: 455
2022-09-27 12:31:48 [Winston 연습 어플리케이션] info: 456
2022-09-27 12:31:49 [Winston 연습 어플리케이션] info: 457
2022-09-27 12:31:50 [Winston 연습 어플리케이션] info: 458
2022-09-27 12:31:51 [Winston 연습 어플리케이션] info: 459
2022-09-27 12:31:52 [Winston 연습 어플리케이션] info: 460
2022-09-27 12:31:53 [Winston 연습 어플리케이션] info: 461
2022-09-27 12:31:54 [Winston 연습 어플리케이션] info: 462
2022-09-27 12:31:55 [Winston 연습 어플리케이션] info: 463
2022-09-27 12:31:56 [Winston 연습 어플리케이션] info: 464
2022-09-27 12:31:57 [Winston 연습 어플리케이션] info: 465
2022-09-27 12:31:58 [Winston 연습 어플리케이션] info: 466
2022-09-27 12:31:59 [Winston 연습 어플리케이션] info: 467
2022-09-27 12:32:00 [Winston 연습 어플리케이션] info: 468
2022-09-27 12:32:01 [Winston 연습 어플리케이션] info: 469
2022-09-27 12:32:02 [Winston 연습 어플리케이션] info: 470
2022-09-27 12:32:03 [Winston 연습 어플리케이션] info: 471
2022-09-27 12:32:04 [Winston 연습 어플리케이션] info: 472
2022-09-27 12:32:05 [Winston 연습 어플리케이션] info: 473
2022-09-27 12:32:06 [Winston 연습 어플리케이션] info: 474
2022-09-27 12:32:07 [Winston 연습 어플리케이션] info: 475
2022-09-27 12:32:08 [Winston 연습 어플리케이션] info: 476
2022-09-27 12:32:09 [Winston 연습 어플리케이션] info: 477
2022-09-27 12:32:10 [Winston 연습 어플리케이션] info: 478
2022-09-27 12:32:11 [Winston 연습 어플리케이션] info: 479
2022-09-27 12:32:12 [Winston 연습 어플리케이션] info: 480
2022-09-27 12:32:13 [Winston 연습 어플리케이션] info: 481
2022-09-27 12:32:14 [Winston 연습 어플리케이션] info: 482
2022-09-27 12:32:15 [Winston 연습 어플리케이션] info: 483
2022-09-27 12:32:16 [Winston 연습 어플리케이션] info: 484
2022-09-27 12:32:17 [Winston 연습 어플리케이션] info: 485
2022-09-27 12:32:18 [Winston 연습 어플리케이션] info: 486
2022-09-27 12:32:19 [Winston 연습 어플리케이션] info: 487
2022-09-27 12:32:20 [Winston 연습 어플리케이션] info: 488
2022-09-27 12:32:21 [Winston 연습 어플리케이션] info: 489
2022-09-27 12:32:22 [Winston 연습 어플리케이션] info: 490
2022-09-27 12:32:23 [Winston 연습 어플리케이션] info: 491
2022-09-27 12:32:24 [Winston 연습 어플리케이션] info: 492
2022-09-27 12:32:25 [Winston 연습 어플리케이션] info: 493
2022-09-27 12:32:26 [Winston 연습 어플리케이션] info: 494
2022-09-27 12:32:27 [Winston 연습 어플리케이션] info: 495
2022-09-27 12:32:28 [Winston 연습 어플리케이션] info: 496
2022-09-27 12:32:29 [Winston 연습 어플리케이션] info: 497
2022-09-27 12:32:30 [Winston 연습 어플리케이션] info: 498
2022-09-27 12:32:31 [Winston 연습 어플리케이션] info: 499
2022-09-27 12:32:32 [Winston 연습 어플리케이션] info: 500
2022-09-27 12:32:33 [Winston 연습 어플리케이션] info: 501
2022-09-27 12:32:34 [Winston 연습 어플리케이션] info: 502
2022-09-27 12:32:35 [Winston 연습 어플리케이션] info: 503
2022-09-27 12:32:36 [Winston 연습 어플리케이션] info: 504
2022-09-27 12:32:37 [Winston 연습 어플리케이션] info: 505
2022-09-27 12:32:38 [Winston 연습 어플리케이션] info: 506
2022-09-27 12:32:39 [Winston 연습 어플리케이션] info: 507
2022-09-27 12:32:40 [Winston 연습 어플리케이션] info: 508
2022-09-27 12:32:41 [Winston 연습 어플리케이션] info: 509
2022-09-27 12:32:42 [Winston 연습 어플리케이션] info: 510
2022-09-27 12:32:43 [Winston 연습 어플리케이션] info: 511
2022-09-27 12:32:44 [Winston 연습 어플리케이션] info: 512
2022-09-27 12:32:45 [Winston 연습 어플리케이션] info: 513
2022-09-27 12:32:46 [Winston 연습 어플리케이션] info: 514
2022-09-27 12:32:47 [Winston 연습 어플리케이션] info: 515
2022-09-27 12:32:48 [Winston 연습 어플리케이션] info: 516
2022-09-27 12:32:49 [Winston 연습 어플리케이션] info: 517
2022-09-27 12:32:50 [Winston 연습 어플리케이션] info: 518
2022-09-27 12:32:51 [Winston 연습 어플리케이션] info: 519
2022-09-27 12:32:52 [Winston 연습 어플리케이션] info: 520
2022-09-27 12:32:53 [Winston 연습 어플리케이션] info: 521
2022-09-27 12:32:54 [Winston 연습 어플리케이션] info: 522
2022-09-27 12:32:55 [Winston 연습 어플리케이션] info: 523
2022-09-27 12:32:56 [Winston 연습 어플리케이션] info: 524
2022-09-27 12:32:57 [Winston 연습 어플리케이션] info: 525
2022-09-27 12:32:58 [Winston 연습 어플리케이션] info: 526
2022-09-27 12:32:59 [Winston 연습 어플리케이션] info: 527
2022-09-27 12:33:00 [Winston 연습 어플리케이션] info: 528
2022-09-27 12:33:01 [Winston 연습 어플리케이션] info: 529
2022-09-27 12:33:02 [Winston 연습 어플리케이션] info: 530
2022-09-27 12:33:03 [Winston 연습 어플리케이션] info: 531
2022-09-27 12:33:04 [Winston 연습 어플리케이션] info: 532
2022-09-27 12:33:05 [Winston 연습 어플리케이션] info: 533
2022-09-27 12:33:06 [Winston 연습 어플리케이션] info: 534
2022-09-27 12:33:07 [Winston 연습 어플리케이션] info: 535
2022-09-27 12:33:08 [Winston 연습 어플리케이션] info: 536
2022-09-27 12:33:09 [Winston 연습 어플리케이션] info: 537
2022-09-27 12:33:10 [Winston 연습 어플리케이션] info: 538
2022-09-27 12:33:11 [Winston 연습 어플리케이션] info: 539
2022-09-27 12:33:12 [Winston 연습 어플리케이션] info: 540
2022-09-27 12:33:13 [Winston 연습 어플리케이션] info: 541
2022-09-27 12:33:14 [Winston 연습 어플리케이션] info: 542
2022-09-27 12:41:50 [Winston 연습 어플리케이션] info: GET /
2022-09-27 12:42:10 [Winston 연습 어플리케이션] info: GET /
2022-09-27 12:42:11 [Winston 연습 어플리케이션] info: 0
2022-09-27 12:42:12 [Winston 연습 어플리케이션] info: 1
2022-09-27 12:42:13 [Winston 연습 어플리케이션] info: 2
2022-09-27 12:42:14 [Winston 연습 어플리케이션] info: 3
2022-09-27 12:42:15 [Winston 연습 어플리케이션] info: 4
2022-09-27 12:42:16 [Winston 연습 어플리케이션] info: 5
2022-09-27 12:42:18 [Winston 연습 어플리케이션] info: 6
2022-09-27 12:42:19 [Winston 연습 어플리케이션] info: 7
2022-09-27 12:42:20 [Winston 연습 어플리케이션] info: 8
2022-09-27 12:42:21 [Winston 연습 어플리케이션] info: 9
2022-09-27 12:42:22 [Winston 연습 어플리케이션] info: 10
2022-09-27 12:42:23 [Winston 연습 어플리케이션] info: 11
2022-09-27 12:42:24 [Winston 연습 어플리케이션] info: 12
2022-09-27 12:42:24 [Winston 연습 어플리케이션] info: RECEIVE /
2022-09-27 12:42:25 [Winston 연습 어플리케이션] info: 13
2022-09-27 12:42:26 [Winston 연습 어플리케이션] info: 14
2022-09-27 12:42:27 [Winston 연습 어플리케이션] info: 15
2022-09-27 12:42:28 [Winston 연습 어플리케이션] info: 16
2022-09-27 12:42:29 [Winston 연습 어플리케이션] info: 17
2022-09-27 12:42:30 [Winston 연습 어플리케이션] info: 18
2022-09-27 12:42:30 [Winston 연습 어플리케이션] info: 19
2022-09-27 12:42:32 [Winston 연습 어플리케이션] info: 20
2022-09-27 12:42:33 [Winston 연습 어플리케이션] info: 21
2022-09-27 12:42:34 [Winston 연습 어플리케이션] info: 22
2022-09-27 12:42:35 [Winston 연습 어플리케이션] info: 23
2022-09-27 12:42:36 [Winston 연습 어플리케이션] info: 24
2022-09-27 12:42:37 [Winston 연습 어플리케이션] info: 25
2022-09-27 12:42:38 [Winston 연습 어플리케이션] info: 26
2022-09-27 12:42:39 [Winston 연습 어플리케이션] info: 27
2022-09-27 12:42:40 [Winston 연습 어플리케이션] info: 28
2022-09-27 12:42:41 [Winston 연습 어플리케이션] info: 29
2022-09-27 12:42:42 [Winston 연습 어플리케이션] info: 30
2022-09-27 12:42:43 [Winston 연습 어플리케이션] info: 31
2022-09-27 12:42:44 [Winston 연습 어플리케이션] info: 32
2022-09-27 12:42:45 [Winston 연습 어플리케이션] info: 33
2022-09-27 12:42:46 [Winston 연습 어플리케이션] info: 34
2022-09-27 12:42:47 [Winston 연습 어플리케이션] info: 35
2022-09-27 12:42:48 [Winston 연습 어플리케이션] info: 36
2022-09-27 12:42:49 [Winston 연습 어플리케이션] info: 37
2022-09-27 12:42:50 [Winston 연습 어플리케이션] info: 38
2022-09-27 12:42:51 [Winston 연습 어플리케이션] info: 39
2022-09-27 12:42:52 [Winston 연습 어플리케이션] info: 40
2022-09-27 12:42:53 [Winston 연습 어플리케이션] info: 41
2022-09-27 12:48:17 [Winston 연습 어플리케이션] info: GET /
2022-09-27 12:50:00 [Winston 연습 어플리케이션] info: INDEX /
2022-09-27 12:50:03 [Winston 연습 어플리케이션] info: SEND /
2022-09-27 12:50:05 [Winston 연습 어플리케이션] info: RECEIVE /
2022-09-27 12:50:09 [Winston 연습 어플리케이션] info: SEND /
2022-09-27 12:50:55 [Winston 연습 어플리케이션] info: SEND /
2022-09-27 12:50:59 [Winston 연습 어플리케이션] info: SEND /
2022-09-27 12:51:58 [Winston 연습 어플리케이션] info: SEND /
2022-09-27 12:51:59 [Winston 연습 어플리케이션] info: SEND /
2022-09-27 12:52:00 [Winston 연습 어플리케이션] info: SEND /
2022-09-27 12:52:01 [Winston 연습 어플리케이션] info: SEND /
2022-09-27 12:52:11 [Winston 연습 어플리케이션] info: SEND /
2022-09-27 12:54:03 [Winston 연습 어플리케이션] info: SEND /
2022-09-27 12:54:51 [Winston 연습 어플리케이션] info: SEND /
2022-09-27 12:54:52 [Winston 연습 어플리케이션] info: SEND /
2022-09-27 12:54:56 [Winston 연습 어플리케이션] info: SEND /
2022-09-27 12:55:08 [Winston 연습 어플리케이션] info: SEND /
2022-09-27 12:55:11 [Winston 연습 어플리케이션] info: SEND /
2022-09-27 12:55:18 [Winston 연습 어플리케이션] info: RECEIVE /
2022-09-27 12:55:23 [Winston 연습 어플리케이션] info: SEND /
2022-09-27 12:55:29 [Winston 연습 어플리케이션] info: RECEIVE /
2022-09-27 12:55:31 [Winston 연습 어플리케이션] info: SEND /
2022-09-27 12:55:33 [Winston 연습 어플리케이션] info: SEND /
2022-09-27 12:56:03 [Winston 연습 어플리케이션] info: RECEIVE /
2022-09-27 12:56:06 [Winston 연습 어플리케이션] info: SEND /
2022-09-27 12:56:09 [Winston 연습 어플리케이션] info: SEND /
2022-09-27 12:56:10 [Winston 연습 어플리케이션] info: SEND /
2022-09-27 12:56:27 [Winston 연습 어플리케이션] info: INDEX /
2022-09-27 12:56:28 [Winston 연습 어플리케이션] info: SEND /
2022-09-27 12:56:31 [Winston 연습 어플리케이션] info: SEND /
2022-09-27 12:56:54 [Winston 연습 어플리케이션] info: INDEX /
2022-09-27 12:56:59 [Winston 연습 어플리케이션] info: SEND /
2022-09-27 12:57:00 [Winston 연습 어플리케이션] info: RECEIVE /
2022-09-27 12:57:01 [Winston 연습 어플리케이션] info: 0
2022-09-27 12:57:01 [Winston 연습 어플리케이션] info: 1
2022-09-27 12:57:02 [Winston 연습 어플리케이션] info: 2
2022-09-27 12:57:03 [Winston 연습 어플리케이션] info: 3
2022-09-27 12:57:04 [Winston 연습 어플리케이션] info: 4
2022-09-27 12:57:05 [Winston 연습 어플리케이션] info: 5
2022-09-27 12:57:06 [Winston 연습 어플리케이션] info: 6
2022-09-27 12:57:08 [Winston 연습 어플리케이션] info: 7
2022-09-27 12:57:08 [Winston 연습 어플리케이션] info: 8
2022-09-27 12:57:09 [Winston 연습 어플리케이션] info: 9
2022-09-27 12:57:10 [Winston 연습 어플리케이션] info: 10
2022-09-27 12:57:11 [Winston 연습 어플리케이션] info: 11
2022-09-27 12:57:12 [Winston 연습 어플리케이션] info: 12
2022-09-27 12:57:13 [Winston 연습 어플리케이션] info: 13
2022-09-27 12:57:14 [Winston 연습 어플리케이션] info: 14
2022-09-27 12:57:15 [Winston 연습 어플리케이션] info: 15
2022-09-27 12:57:16 [Winston 연습 어플리케이션] info: 16
2022-09-27 12:57:17 [Winston 연습 어플리케이션] info: 17
2022-09-27 12:57:18 [Winston 연습 어플리케이션] info: 18
2022-09-27 12:57:19 [Winston 연습 어플리케이션] info: 19
2022-09-27 12:57:20 [Winston 연습 어플리케이션] info: 20
2022-09-27 12:57:21 [Winston 연습 어플리케이션] info: 21
2022-09-27 12:57:22 [Winston 연습 어플리케이션] info: 22
2022-09-27 12:57:23 [Winston 연습 어플리케이션] info: 23
2022-09-27 12:57:24 [Winston 연습 어플리케이션] info: 24
2022-09-27 12:57:25 [Winston 연습 어플리케이션] info: 25
2022-09-27 12:57:26 [Winston 연습 어플리케이션] info: 26
2022-09-27 12:57:27 [Winston 연습 어플리케이션] info: 27
2022-09-27 12:57:28 [Winston 연습 어플리케이션] info: 28
2022-09-27 12:57:29 [Winston 연습 어플리케이션] info: 29
2022-09-27 12:57:30 [Winston 연습 어플리케이션] info: 30
2022-09-27 12:57:31 [Winston 연습 어플리케이션] info: 31
2022-09-27 12:57:32 [Winston 연습 어플리케이션] info: 32
2022-09-27 12:57:33 [Winston 연습 어플리케이션] info: 33
2022-09-27 12:57:34 [Winston 연습 어플리케이션] info: 34
2022-09-27 12:57:35 [Winston 연습 어플리케이션] info: 35
2022-09-27 12:57:36 [Winston 연습 어플리케이션] info: 36
2022-09-27 12:57:37 [Winston 연습 어플리케이션] info: 37
2022-09-27 12:57:38 [Winston 연습 어플리케이션] info: 38
2022-09-27 12:57:39 [Winston 연습 어플리케이션] info: 39
2022-09-27 12:57:40 [Winston 연습 어플리케이션] info: 40
2022-09-27 12:57:41 [Winston 연습 어플리케이션] info: 41
2022-09-27 12:57:42 [Winston 연습 어플리케이션] info: 42
2022-09-27 12:57:43 [Winston 연습 어플리케이션] info: 43
2022-09-27 12:57:44 [Winston 연습 어플리케이션] info: 44
2022-09-27 12:57:45 [Winston 연습 어플리케이션] info: 45
2022-09-27 12:57:46 [Winston 연습 어플리케이션] info: 46
2022-09-27 12:57:47 [Winston 연습 어플리케이션] info: 47
2022-09-27 12:57:48 [Winston 연습 어플리케이션] info: 48
2022-09-27 12:57:49 [Winston 연습 어플리케이션] info: 49
2022-09-27 12:57:50 [Winston 연습 어플리케이션] info: 50
2022-09-27 12:57:51 [Winston 연습 어플리케이션] info: 51
2022-09-27 12:57:52 [Winston 연습 어플리케이션] info: 52
2022-09-27 12:57:53 [Winston 연습 어플리케이션] info: 53
2022-09-27 12:57:54 [Winston 연습 어플리케이션] info: 54
2022-09-27 12:57:55 [Winston 연습 어플리케이션] info: 55
2022-09-27 12:57:56 [Winston 연습 어플리케이션] info: 56
2022-09-27 12:57:57 [Winston 연습 어플리케이션] info: 57
2022-09-27 12:57:58 [Winston 연습 어플리케이션] info: 58
2022-09-27 12:57:59 [Winston 연습 어플리케이션] info: 59
2022-09-27 12:58:00 [Winston 연습 어플리케이션] info: 60
2022-09-27 12:58:01 [Winston 연습 어플리케이션] info: 61
2022-09-27 12:58:02 [Winston 연습 어플리케이션] info: 62
2022-09-27 12:58:03 [Winston 연습 어플리케이션] info: 63
2022-09-27 12:58:04 [Winston 연습 어플리케이션] info: 64
2022-09-27 12:58:05 [Winston 연습 어플리케이션] info: 65
2022-09-27 12:58:06 [Winston 연습 어플리케이션] info: 66
2022-09-27 12:58:07 [Winston 연습 어플리케이션] info: 67
2022-09-27 12:58:08 [Winston 연습 어플리케이션] info: 68
2022-09-27 12:58:09 [Winston 연습 어플리케이션] info: 69
2022-09-27 12:58:10 [Winston 연습 어플리케이션] info: 70
2022-09-27 12:58:11 [Winston 연습 어플리케이션] info: 71
2022-09-27 12:58:12 [Winston 연습 어플리케이션] info: 72
2022-09-27 12:58:13 [Winston 연습 어플리케이션] info: 73
2022-09-27 12:58:14 [Winston 연습 어플리케이션] info: 74
2022-09-27 12:58:15 [Winston 연습 어플리케이션] info: 75
2022-09-27 12:58:16 [Winston 연습 어플리케이션] info: 76
2022-09-27 12:58:17 [Winston 연습 어플리케이션] info: 77
2022-09-27 12:58:18 [Winston 연습 어플리케이션] info: 78
2022-09-27 12:58:19 [Winston 연습 어플리케이션] info: 79
2022-09-27 12:58:20 [Winston 연습 어플리케이션] info: 80
2022-09-27 12:58:21 [Winston 연습 어플리케이션] info: 81
2022-09-27 12:58:22 [Winston 연습 어플리케이션] info: 82
2022-09-27 12:58:23 [Winston 연습 어플리케이션] info: 83
2022-09-27 12:58:24 [Winston 연습 어플리케이션] info: 84
2022-09-27 12:58:25 [Winston 연습 어플리케이션] info: 85
2022-09-27 12:58:26 [Winston 연습 어플리케이션] info: 86
2022-09-27 12:58:27 [Winston 연습 어플리케이션] info: 87
2022-09-27 12:58:28 [Winston 연습 어플리케이션] info: 88
2022-09-27 12:58:29 [Winston 연습 어플리케이션] info: 89
2022-09-27 12:58:30 [Winston 연습 어플리케이션] info: 90
2022-09-27 12:58:31 [Winston 연습 어플리케이션] info: 91
2022-09-27 12:58:32 [Winston 연습 어플리케이션] info: 92
2022-09-27 12:58:33 [Winston 연습 어플리케이션] info: 93
2022-09-27 12:58:34 [Winston 연습 어플리케이션] info: 94
2022-09-27 12:58:35 [Winston 연습 어플리케이션] info: 95
2022-09-27 12:58:36 [Winston 연습 어플리케이션] info: 96
2022-09-27 12:58:37 [Winston 연습 어플리케이션] info: 97
2022-09-27 12:58:38 [Winston 연습 어플리케이션] info: 98
2022-09-27 12:58:39 [Winston 연습 어플리케이션] info: 99
2022-09-27 12:58:40 [Winston 연습 어플리케이션] info: 100
2022-09-27 12:58:41 [Winston 연습 어플리케이션] info: 101
2022-09-27 12:58:42 [Winston 연습 어플리케이션] info: 102
2022-09-27 12:58:44 [Winston 연습 어플리케이션] info: 103
2022-09-27 12:58:44 [Winston 연습 어플리케이션] info: 104
2022-09-27 12:58:45 [Winston 연습 어플리케이션] info: 105
2022-09-27 12:58:45 [Winston 연습 어플리케이션] info: SEND /
2022-09-27 12:58:46 [Winston 연습 어플리케이션] info: 0
2022-09-27 12:58:47 [Winston 연습 어플리케이션] info: 1
2022-09-27 12:58:48 [Winston 연습 어플리케이션] info: 2
2022-09-27 12:58:49 [Winston 연습 어플리케이션] info: 3
2022-09-27 12:58:50 [Winston 연습 어플리케이션] info: 4
2022-09-27 12:58:51 [Winston 연습 어플리케이션] info: 5
2022-09-27 12:58:52 [Winston 연습 어플리케이션] info: 6
2022-09-27 12:58:53 [Winston 연습 어플리케이션] info: 7
2022-09-27 12:58:54 [Winston 연습 어플리케이션] info: 8
2022-09-27 12:58:55 [Winston 연습 어플리케이션] info: 9
2022-09-27 12:58:56 [Winston 연습 어플리케이션] info: 10
2022-09-27 12:58:57 [Winston 연습 어플리케이션] info: 11
2022-09-27 12:58:58 [Winston 연습 어플리케이션] info: 12
2022-09-27 12:58:59 [Winston 연습 어플리케이션] info: 13
2022-09-27 12:59:00 [Winston 연습 어플리케이션] info: 14
2022-09-27 12:59:01 [Winston 연습 어플리케이션] info: SEND /
2022-09-27 12:59:02 [Winston 연습 어플리케이션] info: 0
2022-09-27 12:59:03 [Winston 연습 어플리케이션] info: 1
2022-09-27 12:59:04 [Winston 연습 어플리케이션] info: 2
2022-09-27 12:59:05 [Winston 연습 어플리케이션] info: 3
2022-09-27 12:59:06 [Winston 연습 어플리케이션] info: 4
2022-09-27 12:59:07 [Winston 연습 어플리케이션] info: 5
2022-09-27 12:59:08 [Winston 연습 어플리케이션] info: 6
2022-09-27 12:59:09 [Winston 연습 어플리케이션] info: 7
2022-09-27 12:59:10 [Winston 연습 어플리케이션] info: 8
2022-09-27 12:59:11 [Winston 연습 어플리케이션] info: 9
2022-09-27 12:59:12 [Winston 연습 어플리케이션] info: 10
2022-09-27 12:59:13 [Winston 연습 어플리케이션] info: 11
2022-09-27 12:59:14 [Winston 연습 어플리케이션] info: 12
2022-09-27 12:59:15 [Winston 연습 어플리케이션] info: 13
2022-09-27 12:59:16 [Winston 연습 어플리케이션] info: 14
2022-09-27 12:59:17 [Winston 연습 어플리케이션] info: 15
2022-09-27 12:59:18 [Winston 연습 어플리케이션] info: 16
2022-09-27 12:59:19 [Winston 연습 어플리케이션] info: 17
2022-09-27 12:59:20 [Winston 연습 어플리케이션] info: 18
2022-09-27 12:59:21 [Winston 연습 어플리케이션] info: 19
2022-09-27 12:59:22 [Winston 연습 어플리케이션] info: 20
2022-09-27 12:59:23 [Winston 연습 어플리케이션] info: 21
2022-09-27 12:59:24 [Winston 연습 어플리케이션] info: 22
2022-09-27 12:59:25 [Winston 연습 어플리케이션] info: 23
2022-09-27 12:59:26 [Winston 연습 어플리케이션] info: 24
2022-09-27 12:59:27 [Winston 연습 어플리케이션] info: 25
2022-09-27 12:59:28 [Winston 연습 어플리케이션] info: 26
2022-09-27 12:59:29 [Winston 연습 어플리케이션] info: 27
2022-09-27 12:59:30 [Winston 연습 어플리케이션] info: 28
2022-09-27 12:59:31 [Winston 연습 어플리케이션] info: 29
2022-09-27 12:59:32 [Winston 연습 어플리케이션] info: 30
2022-09-27 12:59:33 [Winston 연습 어플리케이션] info: 31
2022-09-27 12:59:34 [Winston 연습 어플리케이션] info: 32
2022-09-27 12:59:35 [Winston 연습 어플리케이션] info: 33
2022-09-27 12:59:36 [Winston 연습 어플리케이션] info: 34
2022-09-27 12:59:37 [Winston 연습 어플리케이션] info: 35
2022-09-27 12:59:38 [Winston 연습 어플리케이션] info: 36
2022-09-27 12:59:39 [Winston 연습 어플리케이션] info: 37
2022-09-27 12:59:40 [Winston 연습 어플리케이션] info: 38
2022-09-27 12:59:41 [Winston 연습 어플리케이션] info: 39
2022-09-27 12:59:42 [Winston 연습 어플리케이션] info: 40
2022-09-27 12:59:43 [Winston 연습 어플리케이션] info: 41
2022-09-27 12:59:44 [Winston 연습 어플리케이션] info: 42
2022-09-27 12:59:45 [Winston 연습 어플리케이션] info: 43
2022-09-27 12:59:46 [Winston 연습 어플리케이션] info: 44
2022-09-27 12:59:47 [Winston 연습 어플리케이션] info: 45
2022-09-27 12:59:48 [Winston 연습 어플리케이션] info: 46
2022-09-27 12:59:49 [Winston 연습 어플리케이션] info: 47
2022-09-27 12:59:50 [Winston 연습 어플리케이션] info: 48
2022-09-27 12:59:50 [Winston 연습 어플리케이션] info: SEND /
2022-09-27 12:59:51 [Winston 연습 어플리케이션] info: 0
2022-09-27 12:59:52 [Winston 연습 어플리케이션] info: 1
2022-09-27 12:59:53 [Winston 연습 어플리케이션] info: 2
2022-09-27 12:59:54 [Winston 연습 어플리케이션] info: 3
2022-09-27 12:59:55 [Winston 연습 어플리케이션] info: 4
2022-09-27 12:59:56 [Winston 연습 어플리케이션] info: 5
2022-09-27 12:59:57 [Winston 연습 어플리케이션] info: 6
2022-09-27 12:59:58 [Winston 연습 어플리케이션] info: 7
2022-09-27 12:59:59 [Winston 연습 어플리케이션] info: 8
2022-09-27 13:00:00 [Winston 연습 어플리케이션] info: 9
2022-09-27 13:00:01 [Winston 연습 어플리케이션] info: 10
2022-09-27 13:00:02 [Winston 연습 어플리케이션] info: 11
2022-09-27 13:00:03 [Winston 연습 어플리케이션] info: 12
2022-09-27 13:00:04 [Winston 연습 어플리케이션] info: 13
2022-09-27 13:00:05 [Winston 연습 어플리케이션] info: 14
2022-09-27 13:00:06 [Winston 연습 어플리케이션] info: 15
2022-09-27 13:00:07 [Winston 연습 어플리케이션] info: 16
2022-09-27 13:00:08 [Winston 연습 어플리케이션] info: 17
2022-09-27 13:00:09 [Winston 연습 어플리케이션] info: 18
2022-09-27 13:00:10 [Winston 연습 어플리케이션] info: 19
2022-09-27 13:00:11 [Winston 연습 어플리케이션] info: 20
2022-09-27 13:00:12 [Winston 연습 어플리케이션] info: 21
2022-09-27 13:00:13 [Winston 연습 어플리케이션] info: 22
2022-09-27 13:00:14 [Winston 연습 어플리케이션] info: SEND /
2022-09-27 13:00:15 [Winston 연습 어플리케이션] info: 0
2022-09-27 13:00:16 [Winston 연습 어플리케이션] info: 1
2022-09-27 13:00:17 [Winston 연습 어플리케이션] info: 2
2022-09-27 13:00:18 [Winston 연습 어플리케이션] info: 3
2022-09-27 13:00:19 [Winston 연습 어플리케이션] info: 4
2022-09-27 13:00:20 [Winston 연습 어플리케이션] info: 5
2022-09-27 13:00:21 [Winston 연습 어플리케이션] info: 6
2022-09-27 13:00:22 [Winston 연습 어플리케이션] info: 7
2022-09-27 13:00:23 [Winston 연습 어플리케이션] info: 8
2022-09-27 13:00:24 [Winston 연습 어플리케이션] info: 9
2022-09-27 13:00:25 [Winston 연습 어플리케이션] info: 10
2022-09-27 13:00:26 [Winston 연습 어플리케이션] info: 11
2022-09-27 13:00:27 [Winston 연습 어플리케이션] info: 12
2022-09-27 13:00:28 [Winston 연습 어플리케이션] info: 13
2022-09-27 13:00:29 [Winston 연습 어플리케이션] info: 14
2022-09-27 13:00:30 [Winston 연습 어플리케이션] info: 15
2022-09-27 13:00:31 [Winston 연습 어플리케이션] info: 16
2022-09-27 13:00:32 [Winston 연습 어플리케이션] info: 17
2022-09-27 13:00:33 [Winston 연습 어플리케이션] info: 18
2022-09-27 13:00:34 [Winston 연습 어플리케이션] info: 19
2022-09-27 13:00:35 [Winston 연습 어플리케이션] info: 20
2022-09-27 13:00:36 [Winston 연습 어플리케이션] info: 21
2022-09-27 13:00:37 [Winston 연습 어플리케이션] info: 22
2022-09-27 13:00:38 [Winston 연습 어플리케이션] info: 23
2022-09-27 13:00:39 [Winston 연습 어플리케이션] info: 24
2022-09-27 13:00:40 [Winston 연습 어플리케이션] info: 25
2022-09-27 13:00:41 [Winston 연습 어플리케이션] info: 26
2022-09-27 13:00:42 [Winston 연습 어플리케이션] info: 27
2022-09-27 13:00:43 [Winston 연습 어플리케이션] info: 28
2022-09-27 13:00:44 [Winston 연습 어플리케이션] info: 29
2022-09-27 13:00:45 [Winston 연습 어플리케이션] info: 30
2022-09-27 13:00:46 [Winston 연습 어플리케이션] info: 31
2022-09-27 13:00:47 [Winston 연습 어플리케이션] info: 32
2022-09-27 13:00:48 [Winston 연습 어플리케이션] info: 33
2022-09-27 13:00:49 [Winston 연습 어플리케이션] info: 34
2022-09-27 13:00:50 [Winston 연습 어플리케이션] info: 35
2022-09-27 13:00:51 [Winston 연습 어플리케이션] info: 36
2022-09-27 13:00:52 [Winston 연습 어플리케이션] info: 37
2022-09-27 13:00:53 [Winston 연습 어플리케이션] info: 38
2022-09-27 13:00:54 [Winston 연습 어플리케이션] info: 39
2022-09-27 13:00:55 [Winston 연습 어플리케이션] info: 40
2022-09-27 13:00:56 [Winston 연습 어플리케이션] info: 41
2022-09-27 13:00:57 [Winston 연습 어플리케이션] info: 42
2022-09-27 13:00:58 [Winston 연습 어플리케이션] info: 43
2022-09-27 13:00:59 [Winston 연습 어플리케이션] info: 44
2022-09-27 13:00:59 [Winston 연습 어플리케이션] info: SEND /
2022-09-27 13:01:00 [Winston 연습 어플리케이션] info: 0
2022-09-27 13:01:01 [Winston 연습 어플리케이션] info: 1
2022-09-27 13:01:02 [Winston 연습 어플리케이션] info: 2
2022-09-27 13:01:03 [Winston 연습 어플리케이션] info: 3
2022-09-27 13:01:04 [Winston 연습 어플리케이션] info: 4
2022-09-27 13:01:05 [Winston 연습 어플리케이션] info: 5
2022-09-27 13:01:06 [Winston 연습 어플리케이션] info: 6
2022-09-27 13:01:07 [Winston 연습 어플리케이션] info: 7
2022-09-27 13:01:08 [Winston 연습 어플리케이션] info: 8
2022-09-27 13:01:09 [Winston 연습 어플리케이션] info: 9
2022-09-27 13:01:10 [Winston 연습 어플리케이션] info: 10
2022-09-27 13:01:11 [Winston 연습 어플리케이션] info: 11
2022-09-27 13:01:12 [Winston 연습 어플리케이션] info: 12
2022-09-27 13:01:13 [Winston 연습 어플리케이션] info: 13
2022-09-27 13:01:14 [Winston 연습 어플리케이션] info: 14
2022-09-27 13:01:15 [Winston 연습 어플리케이션] info: 15
2022-09-27 13:01:16 [Winston 연습 어플리케이션] info: 16
2022-09-27 13:01:17 [Winston 연습 어플리케이션] info: 17
2022-09-27 13:01:18 [Winston 연습 어플리케이션] info: SEND /
2022-09-27 13:01:19 [Winston 연습 어플리케이션] info: 0
2022-09-27 13:01:20 [Winston 연습 어플리케이션] info: 1
2022-09-27 13:01:21 [Winston 연습 어플리케이션] info: 2
2022-09-27 13:01:22 [Winston 연습 어플리케이션] info: 3
2022-09-27 13:01:23 [Winston 연습 어플리케이션] info: 4
2022-09-27 13:01:24 [Winston 연습 어플리케이션] info: 5
2022-09-27 13:01:25 [Winston 연습 어플리케이션] info: 6
2022-09-27 13:01:26 [Winston 연습 어플리케이션] info: 7
2022-09-27 13:01:27 [Winston 연습 어플리케이션] info: 8
2022-09-27 13:01:28 [Winston 연습 어플리케이션] info: 9
2022-09-27 13:01:29 [Winston 연습 어플리케이션] info: 10
2022-09-27 13:01:30 [Winston 연습 어플리케이션] info: 11
2022-09-27 13:01:31 [Winston 연습 어플리케이션] info: 12
2022-09-27 13:01:32 [Winston 연습 어플리케이션] info: 13
2022-09-27 13:01:33 [Winston 연습 어플리케이션] info: 14
2022-09-27 13:01:34 [Winston 연습 어플리케이션] info: 15
2022-09-27 13:01:35 [Winston 연습 어플리케이션] info: 16
2022-09-27 13:01:36 [Winston 연습 어플리케이션] info: 17
2022-09-27 13:01:37 [Winston 연습 어플리케이션] info: 18
2022-09-27 13:01:38 [Winston 연습 어플리케이션] info: 19
2022-09-27 13:01:39 [Winston 연습 어플리케이션] info: 20
2022-09-27 13:01:40 [Winston 연습 어플리케이션] info: 21
2022-09-27 13:01:41 [Winston 연습 어플리케이션] info: 22
2022-09-27 13:01:42 [Winston 연습 어플리케이션] info: 23
2022-09-27 13:01:43 [Winston 연습 어플리케이션] info: 24
2022-09-27 13:01:44 [Winston 연습 어플리케이션] info: 25
2022-09-27 13:01:45 [Winston 연습 어플리케이션] info: 26
2022-09-27 13:01:46 [Winston 연습 어플리케이션] info: 27
2022-09-27 13:01:47 [Winston 연습 어플리케이션] info: 28
2022-09-27 13:01:48 [Winston 연습 어플리케이션] info: 29
2022-09-27 13:01:49 [Winston 연습 어플리케이션] info: 30
2022-09-27 13:01:50 [Winston 연습 어플리케이션] info: 31
2022-09-27 13:01:51 [Winston 연습 어플리케이션] info: 32
2022-09-27 13:01:52 [Winston 연습 어플리케이션] info: 33
2022-09-27 13:01:53 [Winston 연습 어플리케이션] info: 34
2022-09-27 13:01:54 [Winston 연습 어플리케이션] info: 35
2022-09-27 13:01:55 [Winston 연습 어플리케이션] info: 36
2022-09-27 13:01:56 [Winston 연습 어플리케이션] info: 37
2022-09-27 13:01:57 [Winston 연습 어플리케이션] info: 38
2022-09-27 13:01:58 [Winston 연습 어플리케이션] info: 39
2022-09-27 13:01:59 [Winston 연습 어플리케이션] info: 40
2022-09-27 13:02:00 [Winston 연습 어플리케이션] info: 41
2022-09-27 13:02:01 [Winston 연습 어플리케이션] info: 42
2022-09-27 13:02:02 [Winston 연습 어플리케이션] info: 43
2022-09-27 13:02:03 [Winston 연습 어플리케이션] info: 44
2022-09-27 13:02:04 [Winston 연습 어플리케이션] info: 45
2022-09-27 13:02:05 [Winston 연습 어플리케이션] info: 46
2022-09-27 13:02:06 [Winston 연습 어플리케이션] info: 47
2022-09-27 13:02:07 [Winston 연습 어플리케이션] info: 48
2022-09-27 13:02:08 [Winston 연습 어플리케이션] info: 49
2022-09-27 13:02:09 [Winston 연습 어플리케이션] info: 50
2022-09-27 13:02:10 [Winston 연습 어플리케이션] info: 51
2022-09-27 13:02:11 [Winston 연습 어플리케이션] info: 52
2022-09-27 13:02:12 [Winston 연습 어플리케이션] info: 53
2022-09-27 13:02:13 [Winston 연습 어플리케이션] info: 54
2022-09-27 13:02:14 [Winston 연습 어플리케이션] info: 55
2022-09-27 13:02:15 [Winston 연습 어플리케이션] info: 56
2022-09-27 13:02:16 [Winston 연습 어플리케이션] info: 57
2022-09-27 13:02:17 [Winston 연습 어플리케이션] info: 58
2022-09-27 13:02:18 [Winston 연습 어플리케이션] info: 59
2022-09-27 13:02:19 [Winston 연습 어플리케이션] info: 60
2022-09-27 13:02:20 [Winston 연습 어플리케이션] info: 61
2022-09-27 13:02:21 [Winston 연습 어플리케이션] info: 62
2022-09-27 13:02:22 [Winston 연습 어플리케이션] info: 63
2022-09-27 13:02:23 [Winston 연습 어플리케이션] info: 64
2022-09-27 13:02:24 [Winston 연습 어플리케이션] info: 65
2022-09-27 13:02:25 [Winston 연습 어플리케이션] info: 66
2022-09-27 13:02:26 [Winston 연습 어플리케이션] info: 67
2022-09-27 13:02:27 [Winston 연습 어플리케이션] info: 68
2022-09-27 13:02:28 [Winston 연습 어플리케이션] info: 69
2022-09-27 13:02:29 [Winston 연습 어플리케이션] info: 70
2022-09-27 13:02:30 [Winston 연습 어플리케이션] info: 71
2022-09-27 13:02:31 [Winston 연습 어플리케이션] info: 72
2022-09-27 13:02:32 [Winston 연습 어플리케이션] info: 73
2022-09-27 13:02:33 [Winston 연습 어플리케이션] info: 74
2022-09-27 13:02:34 [Winston 연습 어플리케이션] info: 75
2022-09-27 13:02:35 [Winston 연습 어플리케이션] info: 76
2022-09-27 13:02:36 [Winston 연습 어플리케이션] info: 77
2022-09-27 13:02:37 [Winston 연습 어플리케이션] info: 78
2022-09-27 13:02:38 [Winston 연습 어플리케이션] info: 79
2022-09-27 13:02:39 [Winston 연습 어플리케이션] info: 80
2022-09-27 13:02:40 [Winston 연습 어플리케이션] info: 81
2022-09-27 13:02:41 [Winston 연습 어플리케이션] info: 82
2022-09-27 13:02:42 [Winston 연습 어플리케이션] info: 83
2022-09-27 13:02:43 [Winston 연습 어플리케이션] info: SEND /
2022-09-27 13:02:45 [Winston 연습 어플리케이션] info: 0
2022-09-27 13:02:46 [Winston 연습 어플리케이션] info: 1
2022-09-27 13:02:47 [Winston 연습 어플리케이션] info: 2
2022-09-27 13:02:47 [Winston 연습 어플리케이션] info: SEND /
2022-09-27 13:02:48 [Winston 연습 어플리케이션] info: 0
2022-09-27 13:02:49 [Winston 연습 어플리케이션] info: 1
2022-09-27 13:02:50 [Winston 연습 어플리케이션] info: 2
2022-09-27 13:02:51 [Winston 연습 어플리케이션] info: 3
2022-09-27 13:02:52 [Winston 연습 어플리케이션] info: 4
2022-09-27 13:02:53 [Winston 연습 어플리케이션] info: 5
2022-09-27 13:02:54 [Winston 연습 어플리케이션] info: 6
2022-09-27 13:02:55 [Winston 연습 어플리케이션] info: 7
2022-09-27 13:02:56 [Winston 연습 어플리케이션] info: 8
2022-09-27 13:02:57 [Winston 연습 어플리케이션] info: 9
2022-09-27 13:02:58 [Winston 연습 어플리케이션] info: 10
2022-09-27 13:02:59 [Winston 연습 어플리케이션] info: 11
2022-09-27 13:03:00 [Winston 연습 어플리케이션] info: SEND /
2022-09-27 13:03:01 [Winston 연습 어플리케이션] info: 0
2022-09-27 13:03:02 [Winston 연습 어플리케이션] info: 1
2022-09-27 13:03:03 [Winston 연습 어플리케이션] info: 2
2022-09-27 13:03:04 [Winston 연습 어플리케이션] info: 3
2022-09-27 13:03:05 [Winston 연습 어플리케이션] info: 4
2022-09-27 13:03:06 [Winston 연습 어플리케이션] info: 5
2022-09-27 13:03:07 [Winston 연습 어플리케이션] info: 6
2022-09-27 13:03:08 [Winston 연습 어플리케이션] info: 7
2022-09-27 13:03:09 [Winston 연습 어플리케이션] info: 8
2022-09-27 13:03:10 [Winston 연습 어플리케이션] info: 9
2022-09-27 13:03:11 [Winston 연습 어플리케이션] info: 10
2022-09-27 13:03:12 [Winston 연습 어플리케이션] info: 11
2022-09-27 13:03:13 [Winston 연습 어플리케이션] info: 12
2022-09-27 13:03:14 [Winston 연습 어플리케이션] info: 13
2022-09-27 13:03:15 [Winston 연습 어플리케이션] info: 14
2022-09-27 13:03:16 [Winston 연습 어플리케이션] info: 15
2022-09-27 13:03:17 [Winston 연습 어플리케이션] info: 16
2022-09-27 13:03:18 [Winston 연습 어플리케이션] info: 17
2022-09-27 13:03:19 [Winston 연습 어플리케이션] info: 18
2022-09-27 13:03:20 [Winston 연습 어플리케이션] info: 19
2022-09-27 13:03:21 [Winston 연습 어플리케이션] info: 20
2022-09-27 13:03:22 [Winston 연습 어플리케이션] info: 21
2022-09-27 13:03:23 [Winston 연습 어플리케이션] info: 22
2022-09-27 13:03:24 [Winston 연습 어플리케이션] info: 23
2022-09-27 13:03:25 [Winston 연습 어플리케이션] info: 24
2022-09-27 13:03:26 [Winston 연습 어플리케이션] info: 25
2022-09-27 13:03:27 [Winston 연습 어플리케이션] info: 26
2022-09-27 13:03:28 [Winston 연습 어플리케이션] info: 27
2022-09-27 13:03:29 [Winston 연습 어플리케이션] info: 28
2022-09-27 13:03:30 [Winston 연습 어플리케이션] info: 29
2022-09-27 13:03:31 [Winston 연습 어플리케이션] info: 30
2022-09-27 13:03:32 [Winston 연습 어플리케이션] info: 31
2022-09-27 13:03:33 [Winston 연습 어플리케이션] info: 32
2022-09-27 13:03:34 [Winston 연습 어플리케이션] info: 33
2022-09-27 13:03:35 [Winston 연습 어플리케이션] info: 34
2022-09-27 13:03:36 [Winston 연습 어플리케이션] info: 35
2022-09-27 13:03:37 [Winston 연습 어플리케이션] info: 36
2022-09-27 13:03:38 [Winston 연습 어플리케이션] info: 37
2022-09-27 13:03:39 [Winston 연습 어플리케이션] info: 38
2022-09-27 13:03:40 [Winston 연습 어플리케이션] info: 39
2022-09-27 13:03:41 [Winston 연습 어플리케이션] info: 40
2022-09-27 13:03:42 [Winston 연습 어플리케이션] info: 41
2022-09-27 13:03:43 [Winston 연습 어플리케이션] info: 42
2022-09-27 13:03:44 [Winston 연습 어플리케이션] info: 43
2022-09-27 13:03:45 [Winston 연습 어플리케이션] info: 44
2022-09-27 13:03:46 [Winston 연습 어플리케이션] info: 45
2022-09-27 13:03:47 [Winston 연습 어플리케이션] info: 46
2022-09-27 13:03:48 [Winston 연습 어플리케이션] info: 47
2022-09-27 13:03:49 [Winston 연습 어플리케이션] info: 48
2022-09-27 13:03:50 [Winston 연습 어플리케이션] info: 49
2022-09-27 13:03:51 [Winston 연습 어플리케이션] info: 50
2022-09-27 13:03:52 [Winston 연습 어플리케이션] info: 51
2022-09-27 13:03:53 [Winston 연습 어플리케이션] info: 52
2022-09-27 13:03:54 [Winston 연습 어플리케이션] info: 53
2022-09-27 13:03:55 [Winston 연습 어플리케이션] info: 54
2022-09-27 13:03:56 [Winston 연습 어플리케이션] info: 55
2022-09-27 13:03:57 [Winston 연습 어플리케이션] info: 56
2022-09-27 13:03:58 [Winston 연습 어플리케이션] info: 57
2022-09-27 13:03:59 [Winston 연습 어플리케이션] info: SEND /
2022-09-27 13:04:00 [Winston 연습 어플리케이션] info: 0
2022-09-27 13:04:01 [Winston 연습 어플리케이션] info: 1
2022-09-27 13:04:02 [Winston 연습 어플리케이션] info: 2
2022-09-27 13:04:03 [Winston 연습 어플리케이션] info: 3
2022-09-27 13:04:04 [Winston 연습 어플리케이션] info: 4
2022-09-27 13:04:05 [Winston 연습 어플리케이션] info: 5
2022-09-27 13:04:06 [Winston 연습 어플리케이션] info: 6
2022-09-27 13:04:07 [Winston 연습 어플리케이션] info: 7
2022-09-27 13:04:08 [Winston 연습 어플리케이션] info: 8
2022-09-27 13:04:09 [Winston 연습 어플리케이션] info: 9
2022-09-27 13:04:10 [Winston 연습 어플리케이션] info: 10
2022-09-27 13:04:11 [Winston 연습 어플리케이션] info: 11
2022-09-27 13:04:12 [Winston 연습 어플리케이션] info: 12
2022-09-27 13:04:13 [Winston 연습 어플리케이션] info: 13
2022-09-27 13:04:14 [Winston 연습 어플리케이션] info: 14
2022-09-27 13:04:15 [Winston 연습 어플리케이션] info: 15
2022-09-27 13:04:16 [Winston 연습 어플리케이션] info: 16
2022-09-27 13:04:17 [Winston 연습 어플리케이션] info: 17
2022-09-27 13:04:18 [Winston 연습 어플리케이션] info: 18
2022-09-27 13:04:19 [Winston 연습 어플리케이션] info: 19
2022-09-27 13:04:20 [Winston 연습 어플리케이션] info: 20
2022-09-27 13:04:21 [Winston 연습 어플리케이션] info: 21
2022-09-27 13:04:22 [Winston 연습 어플리케이션] info: 22
2022-09-27 13:04:23 [Winston 연습 어플리케이션] info: 23
2022-09-27 13:04:24 [Winston 연습 어플리케이션] info: 24
2022-09-27 13:04:25 [Winston 연습 어플리케이션] info: 25
2022-09-27 13:04:26 [Winston 연습 어플리케이션] info: 26
2022-09-27 13:04:27 [Winston 연습 어플리케이션] info: 27
2022-09-27 13:04:28 [Winston 연습 어플리케이션] info: 28
2022-09-27 13:04:29 [Winston 연습 어플리케이션] info: 29
2022-09-27 13:04:30 [Winston 연습 어플리케이션] info: 30
2022-09-27 13:04:31 [Winston 연습 어플리케이션] info: 31
2022-09-27 13:04:32 [Winston 연습 어플리케이션] info: 32
2022-09-27 13:04:33 [Winston 연습 어플리케이션] info: 33
2022-09-27 13:04:34 [Winston 연습 어플리케이션] info: 34
2022-09-27 13:04:35 [Winston 연습 어플리케이션] info: 35
2022-09-27 13:04:36 [Winston 연습 어플리케이션] info: 36
2022-09-27 13:04:37 [Winston 연습 어플리케이션] info: 37
2022-09-27 13:04:38 [Winston 연습 어플리케이션] info: 38
2022-09-27 13:04:39 [Winston 연습 어플리케이션] info: 39
2022-09-27 13:04:40 [Winston 연습 어플리케이션] info: 40
2022-09-27 13:04:41 [Winston 연습 어플리케이션] info: 41
2022-09-27 13:04:42 [Winston 연습 어플리케이션] info: 42
2022-09-27 13:04:43 [Winston 연습 어플리케이션] info: 43
2022-09-27 13:04:44 [Winston 연습 어플리케이션] info: 44
2022-09-27 13:04:45 [Winston 연습 어플리케이션] info: 45
2022-09-27 13:04:46 [Winston 연습 어플리케이션] info: 46
2022-09-27 13:04:47 [Winston 연습 어플리케이션] info: 47
2022-09-27 13:04:48 [Winston 연습 어플리케이션] info: 48
2022-09-27 13:04:49 [Winston 연습 어플리케이션] info: 49
2022-09-27 13:04:50 [Winston 연습 어플리케이션] info: 50
2022-09-27 13:04:51 [Winston 연습 어플리케이션] info: 51
2022-09-27 13:04:52 [Winston 연습 어플리케이션] info: 52
2022-09-27 13:04:53 [Winston 연습 어플리케이션] info: 53
2022-09-27 13:04:54 [Winston 연습 어플리케이션] info: 54
2022-09-27 13:04:55 [Winston 연습 어플리케이션] info: 55
2022-09-27 13:04:56 [Winston 연습 어플리케이션] info: 56
2022-09-27 13:04:57 [Winston 연습 어플리케이션] info: 57
2022-09-27 13:04:57 [Winston 연습 어플리케이션] info: SEND /
2022-09-27 13:04:58 [Winston 연습 어플리케이션] info: 0
2022-09-27 13:04:59 [Winston 연습 어플리케이션] info: SEND /
2022-09-27 13:05:00 [Winston 연습 어플리케이션] info: 0
2022-09-27 13:05:01 [Winston 연습 어플리케이션] info: 1
2022-09-27 13:05:02 [Winston 연습 어플리케이션] info: SEND /
2022-09-27 13:05:03 [Winston 연습 어플리케이션] info: 0
2022-09-27 13:05:04 [Winston 연습 어플리케이션] info: 1
2022-09-27 13:05:05 [Winston 연습 어플리케이션] info: 2
2022-09-27 13:05:06 [Winston 연습 어플리케이션] info: 3
2022-09-27 13:05:07 [Winston 연습 어플리케이션] info: 4
2022-09-27 13:05:08 [Winston 연습 어플리케이션] info: 5
2022-09-27 13:05:09 [Winston 연습 어플리케이션] info: 6
2022-09-27 13:05:10 [Winston 연습 어플리케이션] info: 7
2022-09-27 13:05:11 [Winston 연습 어플리케이션] info: 8
2022-09-27 13:05:12 [Winston 연습 어플리케이션] info: 9
2022-09-27 13:05:13 [Winston 연습 어플리케이션] info: 10
2022-09-27 13:05:14 [Winston 연습 어플리케이션] info: 11
2022-09-27 13:05:15 [Winston 연습 어플리케이션] info: 12
2022-09-27 13:05:16 [Winston 연습 어플리케이션] info: 13
2022-09-27 13:05:17 [Winston 연습 어플리케이션] info: 14
2022-09-27 13:05:18 [Winston 연습 어플리케이션] info: 15
2022-09-27 13:05:19 [Winston 연습 어플리케이션] info: 16
2022-09-27 13:05:25 [Winston 연습 어플리케이션] info: SEND /
2022-09-27 13:05:26 [Winston 연습 어플리케이션] info: 0
2022-09-27 13:05:27 [Winston 연습 어플리케이션] info: 1
2022-09-27 13:05:28 [Winston 연습 어플리케이션] info: 2
2022-09-27 13:05:29 [Winston 연습 어플리케이션] info: 3
2022-09-27 13:05:30 [Winston 연습 어플리케이션] info: 4
2022-09-27 13:05:31 [Winston 연습 어플리케이션] info: 5
2022-09-27 13:05:32 [Winston 연습 어플리케이션] info: 6
2022-09-27 13:05:33 [Winston 연습 어플리케이션] info: 7
2022-09-27 13:05:34 [Winston 연습 어플리케이션] info: 8
2022-09-27 13:05:35 [Winston 연습 어플리케이션] info: 9
2022-09-27 13:05:36 [Winston 연습 어플리케이션] info: 10
2022-09-27 13:05:37 [Winston 연습 어플리케이션] info: 11
2022-09-27 13:05:38 [Winston 연습 어플리케이션] info: 12
2022-09-27 13:05:39 [Winston 연습 어플리케이션] info: 13
2022-09-27 13:05:40 [Winston 연습 어플리케이션] info: 14
2022-09-27 13:05:41 [Winston 연습 어플리케이션] info: 15
2022-09-27 13:05:42 [Winston 연습 어플리케이션] info: 16
2022-09-27 13:05:43 [Winston 연습 어플리케이션] info: 17
2022-09-27 13:05:44 [Winston 연습 어플리케이션] info: 18
2022-09-27 13:05:45 [Winston 연습 어플리케이션] info: 19
2022-09-27 13:05:46 [Winston 연습 어플리케이션] info: 20
2022-09-27 13:05:47 [Winston 연습 어플리케이션] info: 21
2022-09-27 13:05:48 [Winston 연습 어플리케이션] info: 22
2022-09-27 13:05:49 [Winston 연습 어플리케이션] info: 23
2022-09-27 13:05:50 [Winston 연습 어플리케이션] info: 24
2022-09-27 13:05:51 [Winston 연습 어플리케이션] info: 25
2022-09-27 13:05:52 [Winston 연습 어플리케이션] info: 26
2022-09-27 13:05:53 [Winston 연습 어플리케이션] info: 27
2022-09-27 13:05:54 [Winston 연습 어플리케이션] info: 28
2022-09-27 13:05:55 [Winston 연습 어플리케이션] info: 29
2022-09-27 13:05:56 [Winston 연습 어플리케이션] info: 30
2022-09-27 13:05:57 [Winston 연습 어플리케이션] info: 31
2022-09-27 13:05:58 [Winston 연습 어플리케이션] info: 32
2022-09-27 13:05:59 [Winston 연습 어플리케이션] info: 33
2022-09-27 13:06:00 [Winston 연습 어플리케이션] info: 34
2022-09-27 13:06:01 [Winston 연습 어플리케이션] info: 35
2022-09-27 13:06:02 [Winston 연습 어플리케이션] info: 36
2022-09-27 13:06:03 [Winston 연습 어플리케이션] info: 37
2022-09-27 13:06:04 [Winston 연습 어플리케이션] info: 38
2022-09-27 13:06:05 [Winston 연습 어플리케이션] info: 39
2022-09-27 13:06:06 [Winston 연습 어플리케이션] info: 40
2022-09-27 13:06:07 [Winston 연습 어플리케이션] info: 41
2022-09-27 13:06:08 [Winston 연습 어플리케이션] info: 42
2022-09-27 13:06:09 [Winston 연습 어플리케이션] info: 43
2022-09-27 13:06:10 [Winston 연습 어플리케이션] info: 44
2022-09-27 13:06:11 [Winston 연습 어플리케이션] info: 45
2022-09-27 13:06:12 [Winston 연습 어플리케이션] info: 46
2022-09-27 13:06:13 [Winston 연습 어플리케이션] info: 47
2022-09-27 13:06:14 [Winston 연습 어플리케이션] info: 48
2022-09-27 13:06:15 [Winston 연습 어플리케이션] info: 49
2022-09-27 13:06:16 [Winston 연습 어플리케이션] info: 50
2022-09-27 13:06:17 [Winston 연습 어플리케이션] info: 51
2022-09-27 13:06:18 [Winston 연습 어플리케이션] info: 52
2022-09-27 13:06:19 [Winston 연습 어플리케이션] info: 53
2022-09-27 13:06:20 [Winston 연습 어플리케이션] info: 54
2022-09-27 13:06:21 [Winston 연습 어플리케이션] info: 55
2022-09-27 13:06:22 [Winston 연습 어플리케이션] info: 56
2022-09-27 13:06:23 [Winston 연습 어플리케이션] info: 57
2022-09-27 13:06:24 [Winston 연습 어플리케이션] info: 58
2022-09-27 13:06:25 [Winston 연습 어플리케이션] info: 59
2022-09-27 13:06:26 [Winston 연습 어플리케이션] info: 60
2022-09-27 13:06:27 [Winston 연습 어플리케이션] info: 61
2022-09-27 13:06:28 [Winston 연습 어플리케이션] info: 62
2022-09-27 13:06:29 [Winston 연습 어플리케이션] info: 63
2022-09-27 13:06:30 [Winston 연습 어플리케이션] info: 64
2022-09-27 13:06:31 [Winston 연습 어플리케이션] info: 65
2022-09-27 13:06:32 [Winston 연습 어플리케이션] info: 66
2022-09-27 13:06:33 [Winston 연습 어플리케이션] info: 67
2022-09-27 13:06:34 [Winston 연습 어플리케이션] info: 68
2022-09-27 13:06:35 [Winston 연습 어플리케이션] info: 69
2022-09-27 13:06:36 [Winston 연습 어플리케이션] info: 70
2022-09-27 13:06:37 [Winston 연습 어플리케이션] info: 71
2022-09-27 13:06:38 [Winston 연습 어플리케이션] info: 72
2022-09-27 13:06:39 [Winston 연습 어플리케이션] info: 73
2022-09-27 13:06:40 [Winston 연습 어플리케이션] info: 74
2022-09-27 13:06:41 [Winston 연습 어플리케이션] info: 75
2022-09-27 13:06:42 [Winston 연습 어플리케이션] info: 76
2022-09-27 13:06:43 [Winston 연습 어플리케이션] info: 77
2022-09-27 13:06:44 [Winston 연습 어플리케이션] info: 78
2022-09-27 13:06:45 [Winston 연습 어플리케이션] info: 79
2022-09-27 13:06:46 [Winston 연습 어플리케이션] info: 80
2022-09-27 13:06:47 [Winston 연습 어플리케이션] info: 81
2022-09-27 13:06:48 [Winston 연습 어플리케이션] info: 82
2022-09-27 13:06:49 [Winston 연습 어플리케이션] info: 83
2022-09-27 13:06:50 [Winston 연습 어플리케이션] info: 84
2022-09-27 13:06:51 [Winston 연습 어플리케이션] info: 85
2022-09-27 13:06:52 [Winston 연습 어플리케이션] info: 86
2022-09-27 13:06:53 [Winston 연습 어플리케이션] info: 87
2022-09-27 13:06:54 [Winston 연습 어플리케이션] info: 88
2022-09-27 13:06:55 [Winston 연습 어플리케이션] info: 89
2022-09-27 13:06:56 [Winston 연습 어플리케이션] info: 90
2022-09-27 13:06:57 [Winston 연습 어플리케이션] info: 91
2022-09-27 13:06:58 [Winston 연습 어플리케이션] info: 92
2022-09-27 13:06:59 [Winston 연습 어플리케이션] info: 93
2022-09-27 13:07:00 [Winston 연습 어플리케이션] info: 94
2022-09-27 13:07:01 [Winston 연습 어플리케이션] info: 95
2022-09-27 13:07:02 [Winston 연습 어플리케이션] info: 96
2022-09-27 13:07:03 [Winston 연습 어플리케이션] info: 97
2022-09-27 13:07:04 [Winston 연습 어플리케이션] info: 98
2022-09-27 13:07:05 [Winston 연습 어플리케이션] info: 99
2022-09-27 13:07:06 [Winston 연습 어플리케이션] info: 100
2022-09-27 13:07:07 [Winston 연습 어플리케이션] info: 101
2022-09-27 13:07:08 [Winston 연습 어플리케이션] info: 102
2022-09-27 13:07:09 [Winston 연습 어플리케이션] info: 103
2022-09-27 13:07:10 [Winston 연습 어플리케이션] info: 104
2022-09-27 13:07:11 [Winston 연습 어플리케이션] info: 105
2022-09-27 13:07:12 [Winston 연습 어플리케이션] info: 106
2022-09-27 13:07:13 [Winston 연습 어플리케이션] info: 107
2022-09-27 13:07:14 [Winston 연습 어플리케이션] info: 108
2022-09-27 13:07:15 [Winston 연습 어플리케이션] info: 109
2022-09-27 13:07:16 [Winston 연습 어플리케이션] info: 110
2022-09-27 13:07:17 [Winston 연습 어플리케이션] info: 111
2022-09-27 13:07:18 [Winston 연습 어플리케이션] info: 112
2022-09-27 13:07:19 [Winston 연습 어플리케이션] info: 113
2022-09-27 13:07:20 [Winston 연습 어플리케이션] info: 114
2022-09-27 13:07:21 [Winston 연습 어플리케이션] info: 115
2022-09-27 13:07:22 [Winston 연습 어플리케이션] info: 116
2022-09-27 13:07:23 [Winston 연습 어플리케이션] info: 117
2022-09-27 13:07:24 [Winston 연습 어플리케이션] info: 118
2022-09-27 13:07:25 [Winston 연습 어플리케이션] info: 119
2022-09-27 13:07:26 [Winston 연습 어플리케이션] info: 120
2022-09-27 13:07:27 [Winston 연습 어플리케이션] info: 121
2022-09-27 13:07:28 [Winston 연습 어플리케이션] info: 122
2022-09-27 13:07:29 [Winston 연습 어플리케이션] info: 123
2022-09-27 13:07:30 [Winston 연습 어플리케이션] info: 124
2022-09-27 13:07:31 [Winston 연습 어플리케이션] info: 125
2022-09-27 13:07:32 [Winston 연습 어플리케이션] info: 126
2022-09-27 13:07:33 [Winston 연습 어플리케이션] info: 127
2022-09-27 13:07:34 [Winston 연습 어플리케이션] info: 128
2022-09-27 13:07:35 [Winston 연습 어플리케이션] info: 129
2022-09-27 13:07:36 [Winston 연습 어플리케이션] info: 130
2022-09-27 13:07:37 [Winston 연습 어플리케이션] info: 131
2022-09-27 13:07:38 [Winston 연습 어플리케이션] info: 132
2022-09-27 13:07:39 [Winston 연습 어플리케이션] info: 133
2022-09-27 13:07:40 [Winston 연습 어플리케이션] info: 134
2022-09-27 13:07:41 [Winston 연습 어플리케이션] info: 135
2022-09-27 13:07:42 [Winston 연습 어플리케이션] info: 136
2022-09-27 13:07:43 [Winston 연습 어플리케이션] info: 137
2022-09-27 13:07:44 [Winston 연습 어플리케이션] info: 138
2022-09-27 13:07:45 [Winston 연습 어플리케이션] info: 139
2022-09-27 13:07:46 [Winston 연습 어플리케이션] info: 140
2022-09-27 13:07:47 [Winston 연습 어플리케이션] info: 141
2022-09-27 13:07:48 [Winston 연습 어플리케이션] info: 142
2022-09-27 13:07:49 [Winston 연습 어플리케이션] info: 143
2022-09-27 13:07:50 [Winston 연습 어플리케이션] info: 144
2022-09-27 13:07:51 [Winston 연습 어플리케이션] info: 145
2022-09-27 13:07:52 [Winston 연습 어플리케이션] info: 146
2022-09-27 13:07:53 [Winston 연습 어플리케이션] info: 147
2022-09-27 13:07:54 [Winston 연습 어플리케이션] info: 148
2022-09-27 13:07:55 [Winston 연습 어플리케이션] info: 149
2022-09-27 13:07:56 [Winston 연습 어플리케이션] info: SEND /
2022-09-27 13:07:57 [Winston 연습 어플리케이션] info: 0
2022-09-27 13:07:58 [Winston 연습 어플리케이션] info: 1
2022-09-27 13:07:59 [Winston 연습 어플리케이션] info: 2
2022-09-27 13:08:00 [Winston 연습 어플리케이션] info: 3
2022-09-27 13:08:01 [Winston 연습 어플리케이션] info: 4
2022-09-27 13:08:02 [Winston 연습 어플리케이션] info: 5
2022-09-27 13:08:03 [Winston 연습 어플리케이션] info: 6
2022-09-27 13:08:04 [Winston 연습 어플리케이션] info: 7
2022-09-27 13:08:05 [Winston 연습 어플리케이션] info: 8
2022-09-27 13:08:06 [Winston 연습 어플리케이션] info: 9
2022-09-27 13:08:07 [Winston 연습 어플리케이션] info: 10
2022-09-27 13:08:08 [Winston 연습 어플리케이션] info: 11
2022-09-27 13:08:09 [Winston 연습 어플리케이션] info: 12
2022-09-27 13:08:10 [Winston 연습 어플리케이션] info: 13
2022-09-27 13:08:11 [Winston 연습 어플리케이션] info: 14
2022-09-27 13:08:12 [Winston 연습 어플리케이션] info: 15
2022-09-27 13:08:13 [Winston 연습 어플리케이션] info: 16
2022-09-27 13:08:14 [Winston 연습 어플리케이션] info: 17
2022-09-27 13:08:15 [Winston 연습 어플리케이션] info: 18
2022-09-27 13:08:16 [Winston 연습 어플리케이션] info: 19
2022-09-27 13:08:17 [Winston 연습 어플리케이션] info: 20
2022-09-27 13:08:18 [Winston 연습 어플리케이션] info: 21
2022-09-27 13:08:19 [Winston 연습 어플리케이션] info: 22
2022-09-27 13:08:20 [Winston 연습 어플리케이션] info: 23
2022-09-27 13:08:21 [Winston 연습 어플리케이션] info: 24
2022-09-27 13:08:22 [Winston 연습 어플리케이션] info: 25
2022-09-27 13:08:23 [Winston 연습 어플리케이션] info: 26
2022-09-27 13:08:24 [Winston 연습 어플리케이션] info: 27
2022-09-27 13:08:25 [Winston 연습 어플리케이션] info: 28
2022-09-27 13:08:26 [Winston 연습 어플리케이션] info: 29
2022-09-27 13:08:27 [Winston 연습 어플리케이션] info: 30
2022-09-27 13:08:28 [Winston 연습 어플리케이션] info: 31
2022-09-27 13:08:29 [Winston 연습 어플리케이션] info: 32
2022-09-27 13:08:30 [Winston 연습 어플리케이션] info: 33
2022-09-27 13:08:31 [Winston 연습 어플리케이션] info: 34
2022-09-27 13:08:32 [Winston 연습 어플리케이션] info: 35
2022-09-27 13:08:33 [Winston 연습 어플리케이션] info: 36
2022-09-27 13:08:34 [Winston 연습 어플리케이션] info: 37
2022-09-27 13:08:35 [Winston 연습 어플리케이션] info: 38
2022-09-27 13:08:36 [Winston 연습 어플리케이션] info: 39
2022-09-27 13:08:37 [Winston 연습 어플리케이션] info: 40
2022-09-27 13:08:38 [Winston 연습 어플리케이션] info: 41
2022-09-27 13:08:39 [Winston 연습 어플리케이션] info: 42
2022-09-27 13:08:40 [Winston 연습 어플리케이션] info: 43
2022-09-27 13:08:41 [Winston 연습 어플리케이션] info: 44
2022-09-27 13:08:42 [Winston 연습 어플리케이션] info: 45
2022-09-27 13:08:43 [Winston 연습 어플리케이션] info: 46
2022-09-27 13:08:44 [Winston 연습 어플리케이션] info: 47
2022-09-27 13:08:45 [Winston 연습 어플리케이션] info: 48
2022-09-27 13:08:46 [Winston 연습 어플리케이션] info: 49
2022-09-27 13:08:47 [Winston 연습 어플리케이션] info: 50
2022-09-27 13:08:48 [Winston 연습 어플리케이션] info: 51
2022-09-27 13:08:49 [Winston 연습 어플리케이션] info: 52
2022-09-27 13:08:50 [Winston 연습 어플리케이션] info: 53
2022-09-27 13:08:51 [Winston 연습 어플리케이션] info: 54
2022-09-27 13:08:52 [Winston 연습 어플리케이션] info: 55
2022-09-27 13:08:53 [Winston 연습 어플리케이션] info: 56
2022-09-27 13:08:54 [Winston 연습 어플리케이션] info: 57
2022-09-27 13:08:55 [Winston 연습 어플리케이션] info: 58
2022-09-27 13:08:56 [Winston 연습 어플리케이션] info: 59
2022-09-27 13:08:57 [Winston 연습 어플리케이션] info: 60
2022-09-27 13:08:58 [Winston 연습 어플리케이션] info: 61
2022-09-27 13:08:59 [Winston 연습 어플리케이션] info: 62
2022-09-27 13:09:00 [Winston 연습 어플리케이션] info: 63
2022-09-27 13:09:01 [Winston 연습 어플리케이션] info: 64
2022-09-27 13:09:02 [Winston 연습 어플리케이션] info: 65
2022-09-27 13:09:03 [Winston 연습 어플리케이션] info: 66
2022-09-27 13:09:04 [Winston 연습 어플리케이션] info: 67
2022-09-27 13:09:05 [Winston 연습 어플리케이션] info: 68
2022-09-27 13:09:06 [Winston 연습 어플리케이션] info: 69
2022-09-27 13:09:07 [Winston 연습 어플리케이션] info: 70
2022-09-27 13:09:08 [Winston 연습 어플리케이션] info: 71
2022-09-27 13:09:09 [Winston 연습 어플리케이션] info: 72
2022-09-27 13:09:10 [Winston 연습 어플리케이션] info: 73
2022-09-27 13:09:11 [Winston 연습 어플리케이션] info: 74
2022-09-27 13:09:12 [Winston 연습 어플리케이션] info: 75
2022-09-27 13:09:13 [Winston 연습 어플리케이션] info: 76
2022-09-27 13:09:14 [Winston 연습 어플리케이션] info: 77
2022-09-27 13:09:15 [Winston 연습 어플리케이션] info: 78
2022-09-27 13:09:16 [Winston 연습 어플리케이션] info: 79
2022-09-27 13:09:17 [Winston 연습 어플리케이션] info: 80
2022-09-27 13:09:18 [Winston 연습 어플리케이션] info: 81
2022-09-27 13:09:19 [Winston 연습 어플리케이션] info: 82
2022-09-27 13:09:20 [Winston 연습 어플리케이션] info: 83
2022-09-27 13:09:21 [Winston 연습 어플리케이션] info: 84
2022-09-27 13:09:22 [Winston 연습 어플리케이션] info: 85
2022-09-27 13:09:23 [Winston 연습 어플리케이션] info: 86
2022-09-27 13:09:24 [Winston 연습 어플리케이션] info: 87
2022-09-27 13:09:25 [Winston 연습 어플리케이션] info: 88
2022-09-27 13:09:26 [Winston 연습 어플리케이션] info: 89
2022-09-27 13:09:27 [Winston 연습 어플리케이션] info: SEND /
2022-09-27 13:09:28 [Winston 연습 어플리케이션] info: 0
2022-09-27 13:09:29 [Winston 연습 어플리케이션] info: 1
2022-09-27 13:09:30 [Winston 연습 어플리케이션] info: RECEIVE /
2022-09-27 13:09:31 [Winston 연습 어플리케이션] info: 2
2022-09-27 13:09:32 [Winston 연습 어플리케이션] info: 3
2022-09-27 13:09:32 [Winston 연습 어플리케이션] info: 4
2022-09-27 13:09:33 [Winston 연습 어플리케이션] info: 5
2022-09-27 13:09:35 [Winston 연습 어플리케이션] info: 6
2022-09-27 13:09:36 [Winston 연습 어플리케이션] info: 7
2022-09-27 13:09:36 [Winston 연습 어플리케이션] info: 8
2022-09-27 13:09:37 [Winston 연습 어플리케이션] info: 9
2022-09-27 13:09:39 [Winston 연습 어플리케이션] info: 10
2022-09-27 13:09:40 [Winston 연습 어플리케이션] info: 11
2022-09-27 13:09:41 [Winston 연습 어플리케이션] info: 12
2022-09-27 13:09:42 [Winston 연습 어플리케이션] info: 13
2022-09-27 13:09:43 [Winston 연습 어플리케이션] info: 14
2022-09-27 13:09:44 [Winston 연습 어플리케이션] info: 15
2022-09-27 13:09:44 [Winston 연습 어플리케이션] info: 16
2022-09-27 13:09:45 [Winston 연습 어플리케이션] info: 17
2022-09-27 13:09:46 [Winston 연습 어플리케이션] info: 18
2022-09-27 13:09:47 [Winston 연습 어플리케이션] info: 19
2022-09-27 13:09:49 [Winston 연습 어플리케이션] info: 20
2022-09-27 13:09:50 [Winston 연습 어플리케이션] info: 21
2022-09-27 13:09:51 [Winston 연습 어플리케이션] info: 22
2022-09-27 13:09:51 [Winston 연습 어플리케이션] info: 23
2022-09-27 13:09:52 [Winston 연습 어플리케이션] info: 24
2022-09-27 13:09:53 [Winston 연습 어플리케이션] info: 25
2022-09-27 13:09:54 [Winston 연습 어플리케이션] info: 26
2022-09-27 13:09:56 [Winston 연습 어플리케이션] info: 27
2022-09-27 13:09:57 [Winston 연습 어플리케이션] info: 28
2022-09-27 13:09:57 [Winston 연습 어플리케이션] info: 29
2022-09-27 13:09:58 [Winston 연습 어플리케이션] info: 30
2022-09-27 13:09:59 [Winston 연습 어플리케이션] info: 31
2022-09-27 13:10:00 [Winston 연습 어플리케이션] info: 32
2022-09-27 13:10:01 [Winston 연습 어플리케이션] info: 33
2022-09-27 13:10:02 [Winston 연습 어플리케이션] info: 34
2022-09-27 13:10:03 [Winston 연습 어플리케이션] info: 35
2022-09-27 13:10:04 [Winston 연습 어플리케이션] info: 36
2022-09-27 13:10:05 [Winston 연습 어플리케이션] info: 37
2022-09-27 13:10:06 [Winston 연습 어플리케이션] info: 38
2022-09-27 13:10:07 [Winston 연습 어플리케이션] info: 39
2022-09-27 13:10:08 [Winston 연습 어플리케이션] info: 40
2022-09-27 13:10:09 [Winston 연습 어플리케이션] info: 41
2022-09-27 13:10:10 [Winston 연습 어플리케이션] info: 42
2022-09-27 13:10:11 [Winston 연습 어플리케이션] info: 43
2022-09-27 13:10:12 [Winston 연습 어플리케이션] info: 44
2022-09-27 13:10:13 [Winston 연습 어플리케이션] info: 45
