2022-09-30 14:09:10 [HX711] info: INDEX /
2022-09-30 14:09:13 [HX711] info: CHART /
2022-09-30 14:09:38 [HX711] info: CHART /
2022-09-30 14:09:40 [HX711] info: CHART /
2022-09-30 14:12:47 [HX711] info: CHART /
2022-09-30 14:14:28 [HX711] info: CHART /
2022-09-30 14:14:55 [HX711] info: CHART /
2022-09-30 14:15:09 [HX711] info: CHART /
2022-09-30 14:15:13 [HX711] info: CHART /
2022-09-30 14:16:21 [HX711] info: CHART /
2022-09-30 14:34:48 [HX711] info: INDEX /
2022-09-30 14:35:31 [HX711] info: CHART /
2022-09-30 14:37:56 [HX711] info: INDEX /
2022-09-30 14:37:58 [HX711] info: CHART /
2022-09-30 14:38:17 [HX711] info: CHART /
2022-09-30 14:38:34 [HX711] info: SEND /
2022-09-30 14:38:35 [HX711] info: undefined
2022-09-30 14:38:36 [HX711] info: SEND /
2022-09-30 14:38:37 [HX711] info: undefined
2022-09-30 14:38:38 [HX711] info: undefined
2022-09-30 14:38:39 [HX711] info: SEND /
2022-09-30 14:38:40 [HX711] info: undefined
2022-09-30 14:38:41 [HX711] info: undefined
2022-09-30 14:38:42 [HX711] info: undefined
2022-09-30 14:38:43 [HX711] info: undefined
2022-09-30 14:38:44 [HX711] info: undefined
2022-09-30 14:38:45 [HX711] info: undefined
2022-09-30 14:38:45 [HX711] info: SEND /
2022-09-30 14:38:46 [HX711] info: SEND /
2022-09-30 14:38:46 [HX711] info: SEND /
2022-09-30 14:38:47 [HX711] info: SEND /
2022-09-30 14:38:47 [HX711] info: SEND /
2022-09-30 14:38:48 [HX711] info: undefined
2022-09-30 14:38:49 [HX711] info: undefined
2022-09-30 14:38:50 [HX711] info: undefined
2022-09-30 14:38:51 [HX711] info: undefined
2022-09-30 14:38:52 [HX711] info: undefined
2022-09-30 14:38:54 [HX711] info: undefined
2022-09-30 14:38:55 [HX711] info: undefined
2022-09-30 14:38:56 [HX711] info: undefined
2022-09-30 14:38:57 [HX711] info: undefined
2022-09-30 14:38:58 [HX711] info: undefined
2022-09-30 14:38:59 [HX711] info: undefined
2022-09-30 14:39:00 [HX711] info: undefined
2022-09-30 14:39:01 [HX711] info: undefined
2022-09-30 14:39:02 [HX711] info: undefined
2022-09-30 14:39:03 [HX711] info: undefined
2022-09-30 14:39:04 [HX711] info: undefined
2022-09-30 14:39:05 [HX711] info: undefined
2022-09-30 14:39:06 [HX711] info: undefined
2022-09-30 14:39:07 [HX711] info: undefined
2022-09-30 14:39:08 [HX711] info: undefined
2022-09-30 14:39:09 [HX711] info: undefined
2022-09-30 14:39:10 [HX711] info: undefined
2022-09-30 14:39:11 [HX711] info: undefined
2022-09-30 14:39:12 [HX711] info: undefined
2022-09-30 14:39:13 [HX711] info: undefined
2022-09-30 14:39:14 [HX711] info: undefined
2022-09-30 14:39:15 [HX711] info: undefined
2022-09-30 14:39:16 [HX711] info: undefined
2022-09-30 14:39:17 [HX711] info: undefined
2022-09-30 14:39:18 [HX711] info: undefined
2022-09-30 14:39:19 [HX711] info: undefined
2022-09-30 14:39:20 [HX711] info: undefined
2022-09-30 14:39:21 [HX711] info: undefined
2022-09-30 14:39:22 [HX711] info: undefined
2022-09-30 14:39:23 [HX711] info: undefined
2022-09-30 14:39:24 [HX711] info: undefined
2022-09-30 14:39:25 [HX711] info: undefined
2022-09-30 14:39:26 [HX711] info: undefined
2022-09-30 14:39:27 [HX711] info: undefined
2022-09-30 14:39:28 [HX711] info: undefined
2022-09-30 14:39:29 [HX711] info: undefined
2022-09-30 14:39:30 [HX711] info: undefined
2022-09-30 14:39:31 [HX711] info: undefined
2022-09-30 14:39:32 [HX711] info: undefined
2022-09-30 14:39:33 [HX711] info: undefined
2022-09-30 14:39:34 [HX711] info: undefined
2022-09-30 14:39:35 [HX711] info: undefined
2022-09-30 14:39:36 [HX711] info: undefined
2022-09-30 14:39:37 [HX711] info: undefined
2022-09-30 14:39:38 [HX711] info: undefined
2022-09-30 14:39:39 [HX711] info: undefined
2022-09-30 14:39:40 [HX711] info: undefined
2022-09-30 14:39:41 [HX711] info: undefined
2022-09-30 14:39:42 [HX711] info: undefined
2022-09-30 14:39:43 [HX711] info: undefined
2022-09-30 14:39:44 [HX711] info: undefined
2022-09-30 14:39:45 [HX711] info: undefined
2022-09-30 14:39:46 [HX711] info: undefined
2022-09-30 14:39:47 [HX711] info: undefined
2022-09-30 14:39:48 [HX711] info: undefined
2022-09-30 14:39:49 [HX711] info: undefined
2022-09-30 14:39:50 [HX711] info: undefined
2022-09-30 14:39:51 [HX711] info: undefined
2022-09-30 14:39:52 [HX711] info: undefined
2022-09-30 14:39:53 [HX711] info: undefined
2022-09-30 14:39:54 [HX711] info: undefined
2022-09-30 14:39:55 [HX711] info: undefined
2022-09-30 14:39:56 [HX711] info: undefined
2022-09-30 14:39:57 [HX711] info: undefined
2022-09-30 14:39:58 [HX711] info: SEND /
2022-09-30 14:39:58 [HX711] info: undefined
2022-09-30 14:39:59 [HX711] info: undefined
2022-09-30 14:39:59 [HX711] info: SEND /
2022-09-30 14:39:59 [HX711] info: undefined
2022-09-30 14:40:00 [HX711] info: undefined
2022-09-30 14:40:00 [HX711] info: undefined
2022-09-30 14:40:01 [HX711] info: undefined
2022-09-30 14:40:01 [HX711] info: undefined
2022-09-30 14:40:02 [HX711] info: undefined
2022-09-30 14:40:02 [HX711] info: undefined
2022-09-30 14:40:03 [HX711] info: undefined
2022-09-30 14:40:03 [HX711] info: undefined
2022-09-30 14:40:04 [HX711] info: undefined
2022-09-30 14:40:04 [HX711] info: undefined
2022-09-30 14:40:05 [HX711] info: undefined
2022-09-30 14:40:05 [HX711] info: undefined
2022-09-30 14:40:06 [HX711] info: undefined
2022-09-30 14:40:06 [HX711] info: undefined
2022-09-30 14:40:07 [HX711] info: undefined
2022-09-30 14:40:07 [HX711] info: undefined
2022-09-30 14:40:08 [HX711] info: undefined
2022-09-30 14:40:09 [HX711] info: undefined
2022-09-30 14:40:09 [HX711] info: undefined
2022-09-30 14:40:09 [HX711] info: undefined
2022-09-30 14:40:10 [HX711] info: undefined
2022-09-30 14:40:11 [HX711] info: undefined
2022-09-30 14:40:11 [HX711] info: undefined
2022-09-30 14:40:12 [HX711] info: undefined
2022-09-30 14:40:12 [HX711] info: undefined
2022-09-30 14:40:13 [HX711] info: undefined
2022-09-30 14:40:14 [HX711] info: undefined
2022-09-30 14:40:14 [HX711] info: undefined
2022-09-30 14:40:15 [HX711] info: undefined
2022-09-30 14:40:16 [HX711] info: undefined
2022-09-30 14:40:16 [HX711] info: undefined
2022-09-30 14:40:17 [HX711] info: undefined
2022-09-30 14:40:18 [HX711] info: undefined
2022-09-30 14:40:18 [HX711] info: undefined
2022-09-30 14:40:19 [HX711] info: undefined
2022-09-30 14:40:20 [HX711] info: undefined
2022-09-30 14:40:20 [HX711] info: undefined
2022-09-30 14:40:21 [HX711] info: undefined
2022-09-30 14:40:22 [HX711] info: undefined
2022-09-30 14:40:22 [HX711] info: undefined
2022-09-30 14:40:23 [HX711] info: undefined
2022-09-30 14:40:24 [HX711] info: undefined
2022-09-30 14:40:24 [HX711] info: undefined
2022-09-30 14:40:25 [HX711] info: undefined
2022-09-30 14:40:26 [HX711] info: undefined
2022-09-30 14:40:26 [HX711] info: undefined
2022-09-30 14:40:27 [HX711] info: undefined
2022-09-30 14:40:28 [HX711] info: undefined
2022-09-30 14:40:28 [HX711] info: undefined
2022-09-30 14:40:29 [HX711] info: undefined
2022-09-30 14:40:30 [HX711] info: undefined
2022-09-30 14:40:30 [HX711] info: undefined
2022-09-30 14:40:31 [HX711] info: undefined
2022-09-30 14:40:32 [HX711] info: undefined
2022-09-30 14:40:32 [HX711] info: undefined
2022-09-30 14:40:33 [HX711] info: undefined
2022-09-30 14:40:34 [HX711] info: undefined
2022-09-30 14:40:34 [HX711] info: undefined
2022-09-30 14:40:35 [HX711] info: undefined
2022-09-30 14:40:36 [HX711] info: undefined
2022-09-30 14:40:36 [HX711] info: undefined
2022-09-30 14:40:37 [HX711] info: undefined
2022-09-30 14:40:38 [HX711] info: undefined
2022-09-30 14:40:38 [HX711] info: undefined
2022-09-30 14:40:39 [HX711] info: undefined
2022-09-30 14:40:40 [HX711] info: undefined
2022-09-30 14:40:40 [HX711] info: undefined
2022-09-30 14:40:41 [HX711] info: undefined
2022-09-30 14:40:42 [HX711] info: undefined
2022-09-30 14:40:42 [HX711] info: undefined
2022-09-30 14:40:43 [HX711] info: undefined
2022-09-30 14:40:44 [HX711] info: undefined
2022-09-30 14:40:44 [HX711] info: undefined
2022-09-30 14:40:45 [HX711] info: undefined
2022-09-30 14:40:46 [HX711] info: undefined
2022-09-30 14:40:46 [HX711] info: undefined
2022-09-30 14:40:47 [HX711] info: undefined
2022-09-30 14:40:48 [HX711] info: undefined
2022-09-30 14:40:48 [HX711] info: undefined
2022-09-30 14:40:49 [HX711] info: undefined
2022-09-30 14:40:50 [HX711] info: undefined
2022-09-30 14:40:50 [HX711] info: undefined
2022-09-30 14:40:51 [HX711] info: undefined
2022-09-30 14:40:52 [HX711] info: undefined
2022-09-30 14:40:52 [HX711] info: undefined
2022-09-30 14:40:53 [HX711] info: undefined
2022-09-30 14:40:54 [HX711] info: undefined
2022-09-30 14:40:54 [HX711] info: undefined
2022-09-30 14:40:55 [HX711] info: undefined
2022-09-30 14:40:56 [HX711] info: undefined
2022-09-30 14:40:56 [HX711] info: undefined
2022-09-30 14:40:57 [HX711] info: undefined
2022-09-30 14:40:58 [HX711] info: undefined
2022-09-30 14:40:58 [HX711] info: undefined
2022-09-30 14:40:59 [HX711] info: undefined
2022-09-30 14:41:00 [HX711] info: undefined
2022-09-30 14:41:00 [HX711] info: undefined
2022-09-30 14:41:01 [HX711] info: undefined
2022-09-30 14:41:02 [HX711] info: undefined
2022-09-30 14:41:02 [HX711] info: undefined
2022-09-30 14:41:03 [HX711] info: undefined
2022-09-30 14:41:04 [HX711] info: undefined
2022-09-30 14:41:04 [HX711] info: undefined
2022-09-30 14:41:05 [HX711] info: undefined
2022-09-30 14:41:06 [HX711] info: undefined
2022-09-30 14:41:06 [HX711] info: undefined
2022-09-30 14:41:07 [HX711] info: undefined
2022-09-30 14:41:08 [HX711] info: undefined
2022-09-30 14:41:08 [HX711] info: undefined
2022-09-30 14:41:09 [HX711] info: undefined
2022-09-30 14:41:10 [HX711] info: undefined
2022-09-30 14:41:10 [HX711] info: undefined
2022-09-30 14:41:11 [HX711] info: undefined
2022-09-30 14:41:12 [HX711] info: undefined
2022-09-30 14:41:12 [HX711] info: undefined
2022-09-30 14:41:13 [HX711] info: undefined
2022-09-30 14:41:14 [HX711] info: undefined
2022-09-30 14:41:14 [HX711] info: undefined
2022-09-30 14:41:15 [HX711] info: undefined
2022-09-30 14:41:16 [HX711] info: undefined
2022-09-30 14:41:16 [HX711] info: undefined
2022-09-30 14:41:17 [HX711] info: undefined
2022-09-30 14:41:18 [HX711] info: undefined
2022-09-30 14:41:18 [HX711] info: undefined
2022-09-30 14:41:19 [HX711] info: undefined
2022-09-30 14:41:20 [HX711] info: undefined
2022-09-30 14:41:20 [HX711] info: undefined
2022-09-30 14:41:21 [HX711] info: undefined
2022-09-30 14:41:22 [HX711] info: undefined
2022-09-30 14:41:22 [HX711] info: undefined
2022-09-30 14:41:23 [HX711] info: undefined
2022-09-30 14:41:24 [HX711] info: undefined
2022-09-30 14:41:24 [HX711] info: undefined
2022-09-30 14:41:25 [HX711] info: undefined
2022-09-30 14:41:26 [HX711] info: undefined
2022-09-30 14:41:26 [HX711] info: undefined
2022-09-30 14:41:27 [HX711] info: undefined
2022-09-30 14:41:28 [HX711] info: undefined
2022-09-30 14:41:28 [HX711] info: undefined
2022-09-30 14:41:29 [HX711] info: undefined
2022-09-30 14:41:30 [HX711] info: undefined
2022-09-30 14:41:30 [HX711] info: undefined
2022-09-30 14:41:31 [HX711] info: undefined
2022-09-30 14:41:32 [HX711] info: undefined
2022-09-30 14:41:32 [HX711] info: undefined
2022-09-30 14:41:33 [HX711] info: undefined
2022-09-30 14:41:34 [HX711] info: undefined
2022-09-30 14:41:34 [HX711] info: undefined
2022-09-30 14:41:35 [HX711] info: undefined
2022-09-30 14:41:36 [HX711] info: undefined
2022-09-30 14:41:36 [HX711] info: undefined
2022-09-30 14:41:37 [HX711] info: undefined
2022-09-30 14:41:38 [HX711] info: undefined
2022-09-30 14:41:38 [HX711] info: undefined
2022-09-30 14:41:39 [HX711] info: undefined
2022-09-30 14:41:40 [HX711] info: undefined
2022-09-30 14:41:40 [HX711] info: undefined
2022-09-30 14:41:41 [HX711] info: undefined
2022-09-30 14:41:42 [HX711] info: undefined
2022-09-30 14:41:42 [HX711] info: undefined
2022-09-30 14:41:43 [HX711] info: undefined
2022-09-30 14:41:44 [HX711] info: undefined
2022-09-30 14:41:44 [HX711] info: undefined
2022-09-30 14:41:45 [HX711] info: undefined
2022-09-30 14:41:46 [HX711] info: undefined
2022-09-30 14:41:46 [HX711] info: undefined
2022-09-30 14:41:47 [HX711] info: undefined
2022-09-30 14:41:48 [HX711] info: undefined
2022-09-30 14:41:48 [HX711] info: undefined
2022-09-30 14:41:49 [HX711] info: undefined
2022-09-30 14:41:50 [HX711] info: undefined
2022-09-30 14:41:50 [HX711] info: undefined
2022-09-30 14:41:51 [HX711] info: undefined
2022-09-30 14:41:52 [HX711] info: undefined
2022-09-30 14:41:52 [HX711] info: undefined
2022-09-30 14:41:53 [HX711] info: undefined
2022-09-30 14:41:54 [HX711] info: undefined
2022-09-30 14:41:54 [HX711] info: undefined
2022-09-30 14:41:55 [HX711] info: undefined
2022-09-30 14:41:56 [HX711] info: undefined
2022-09-30 14:41:56 [HX711] info: undefined
2022-09-30 14:41:57 [HX711] info: undefined
2022-09-30 14:41:58 [HX711] info: undefined
2022-09-30 14:41:58 [HX711] info: undefined
2022-09-30 14:41:59 [HX711] info: undefined
2022-09-30 14:42:00 [HX711] info: undefined
2022-09-30 14:42:00 [HX711] info: undefined
2022-09-30 14:42:01 [HX711] info: undefined
2022-09-30 14:42:02 [HX711] info: undefined
2022-09-30 14:42:02 [HX711] info: undefined
2022-09-30 14:42:03 [HX711] info: undefined
2022-09-30 14:42:04 [HX711] info: undefined
2022-09-30 14:42:04 [HX711] info: undefined
2022-09-30 14:42:05 [HX711] info: undefined
2022-09-30 14:42:06 [HX711] info: undefined
2022-09-30 14:42:06 [HX711] info: undefined
2022-09-30 14:42:07 [HX711] info: undefined
2022-09-30 14:42:08 [HX711] info: undefined
2022-09-30 14:42:08 [HX711] info: undefined
2022-09-30 14:42:09 [HX711] info: undefined
2022-09-30 14:42:10 [HX711] info: undefined
2022-09-30 14:42:10 [HX711] info: undefined
2022-09-30 14:42:11 [HX711] info: undefined
2022-09-30 14:42:12 [HX711] info: undefined
2022-09-30 14:42:12 [HX711] info: undefined
2022-09-30 14:42:13 [HX711] info: undefined
2022-09-30 14:42:14 [HX711] info: undefined
2022-09-30 14:42:14 [HX711] info: undefined
2022-09-30 14:42:15 [HX711] info: undefined
2022-09-30 14:42:16 [HX711] info: undefined
2022-09-30 14:42:16 [HX711] info: undefined
2022-09-30 14:42:17 [HX711] info: undefined
2022-09-30 14:42:18 [HX711] info: undefined
2022-09-30 14:42:18 [HX711] info: undefined
2022-09-30 14:42:19 [HX711] info: undefined
2022-09-30 14:42:20 [HX711] info: undefined
2022-09-30 14:42:20 [HX711] info: undefined
2022-09-30 14:42:21 [HX711] info: undefined
2022-09-30 14:42:22 [HX711] info: undefined
2022-09-30 14:42:22 [HX711] info: undefined
2022-09-30 14:42:23 [HX711] info: undefined
2022-09-30 14:42:24 [HX711] info: undefined
2022-09-30 14:42:24 [HX711] info: undefined
2022-09-30 14:42:25 [HX711] info: undefined
2022-09-30 14:42:26 [HX711] info: undefined
2022-09-30 14:42:26 [HX711] info: undefined
2022-09-30 14:42:27 [HX711] info: undefined
2022-09-30 14:42:28 [HX711] info: undefined
2022-09-30 14:42:28 [HX711] info: undefined
2022-09-30 14:42:29 [HX711] info: undefined
2022-09-30 14:42:30 [HX711] info: undefined
2022-09-30 14:42:30 [HX711] info: undefined
2022-09-30 14:42:31 [HX711] info: undefined
2022-09-30 14:42:32 [HX711] info: undefined
2022-09-30 14:42:32 [HX711] info: undefined
2022-09-30 14:42:33 [HX711] info: undefined
2022-09-30 14:42:34 [HX711] info: undefined
2022-09-30 14:42:34 [HX711] info: undefined
2022-09-30 14:42:35 [HX711] info: undefined
2022-09-30 14:42:36 [HX711] info: undefined
2022-09-30 14:42:37 [HX711] info: undefined
2022-09-30 14:42:38 [HX711] info: undefined
2022-09-30 14:42:38 [HX711] info: undefined
2022-09-30 14:42:39 [HX711] info: RECEIVE /
2022-09-30 14:42:39 [HX711] info: undefined
2022-09-30 14:42:40 [HX711] info: undefined
2022-09-30 14:42:40 [HX711] info: undefined
2022-09-30 14:42:41 [HX711] info: undefined
2022-09-30 14:42:42 [HX711] info: RECEIVE /
2022-09-30 14:42:42 [HX711] info: undefined
2022-09-30 14:42:42 [HX711] info: undefined
2022-09-30 14:42:43 [HX711] info: undefined
2022-09-30 14:42:43 [HX711] info: undefined
2022-09-30 14:42:44 [HX711] info: undefined
2022-09-30 14:42:44 [HX711] info: undefined
2022-09-30 14:42:44 [HX711] info: SEND /
2022-09-30 14:42:45 [HX711] info: SEND /
2022-09-30 14:42:45 [HX711] info: undefined
2022-09-30 14:42:46 [HX711] info: undefined
2022-09-30 14:42:46 [HX711] info: undefined
2022-09-30 14:42:47 [HX711] info: undefined
2022-09-30 14:42:47 [HX711] info: undefined
2022-09-30 14:42:48 [HX711] info: undefined
2022-09-30 14:42:48 [HX711] info: undefined
2022-09-30 14:42:49 [HX711] info: undefined
2022-09-30 14:42:49 [HX711] info: undefined
2022-09-30 14:42:50 [HX711] info: undefined
2022-09-30 14:42:50 [HX711] info: undefined
2022-09-30 14:42:51 [HX711] info: undefined
2022-09-30 14:42:51 [HX711] info: undefined
2022-09-30 14:42:52 [HX711] info: undefined
2022-09-30 14:42:52 [HX711] info: undefined
2022-09-30 14:42:53 [HX711] info: undefined
2022-09-30 14:42:53 [HX711] info: undefined
2022-09-30 14:42:54 [HX711] info: undefined
2022-09-30 14:42:54 [HX711] info: undefined
2022-09-30 14:42:55 [HX711] info: undefined
2022-09-30 14:42:55 [HX711] info: undefined
2022-09-30 14:42:56 [HX711] info: undefined
2022-09-30 14:42:56 [HX711] info: undefined
2022-09-30 14:42:57 [HX711] info: undefined
2022-09-30 14:42:57 [HX711] info: undefined
2022-09-30 14:42:58 [HX711] info: undefined
2022-09-30 14:42:58 [HX711] info: undefined
2022-09-30 14:42:59 [HX711] info: undefined
2022-09-30 14:42:59 [HX711] info: undefined
2022-09-30 14:43:00 [HX711] info: undefined
2022-09-30 14:43:00 [HX711] info: undefined
2022-09-30 14:43:01 [HX711] info: undefined
2022-09-30 14:43:01 [HX711] info: undefined
2022-09-30 14:43:02 [HX711] info: undefined
2022-09-30 14:43:02 [HX711] info: undefined
2022-09-30 14:43:03 [HX711] info: undefined
2022-09-30 14:43:03 [HX711] info: undefined
2022-09-30 14:43:04 [HX711] info: undefined
2022-09-30 14:43:04 [HX711] info: undefined
2022-09-30 14:43:05 [HX711] info: undefined
2022-09-30 14:43:05 [HX711] info: undefined
2022-09-30 14:43:06 [HX711] info: undefined
2022-09-30 14:43:06 [HX711] info: undefined
2022-09-30 14:43:07 [HX711] info: undefined
2022-09-30 14:43:07 [HX711] info: undefined
2022-09-30 14:43:08 [HX711] info: undefined
2022-09-30 14:43:08 [HX711] info: undefined
2022-09-30 14:43:09 [HX711] info: undefined
2022-09-30 14:43:09 [HX711] info: undefined
2022-09-30 14:43:10 [HX711] info: undefined
2022-09-30 14:43:10 [HX711] info: undefined
2022-09-30 14:43:11 [HX711] info: undefined
2022-09-30 14:43:11 [HX711] info: undefined
2022-09-30 14:43:12 [HX711] info: undefined
2022-09-30 14:43:12 [HX711] info: undefined
2022-09-30 14:43:13 [HX711] info: undefined
2022-09-30 14:43:13 [HX711] info: undefined
2022-09-30 14:43:14 [HX711] info: undefined
2022-09-30 14:43:14 [HX711] info: undefined
2022-09-30 14:43:15 [HX711] info: undefined
2022-09-30 14:43:15 [HX711] info: undefined
2022-09-30 14:43:16 [HX711] info: undefined
2022-09-30 14:43:16 [HX711] info: undefined
2022-09-30 14:43:17 [HX711] info: undefined
2022-09-30 14:43:17 [HX711] info: undefined
2022-09-30 14:43:18 [HX711] info: undefined
2022-09-30 14:43:18 [HX711] info: undefined
2022-09-30 14:43:19 [HX711] info: undefined
2022-09-30 14:43:19 [HX711] info: undefined
2022-09-30 14:43:20 [HX711] info: undefined
2022-09-30 14:43:20 [HX711] info: undefined
2022-09-30 14:43:21 [HX711] info: undefined
2022-09-30 14:43:21 [HX711] info: undefined
2022-09-30 14:43:22 [HX711] info: undefined
2022-09-30 14:43:22 [HX711] info: undefined
2022-09-30 14:43:23 [HX711] info: undefined
2022-09-30 14:43:23 [HX711] info: undefined
2022-09-30 14:43:24 [HX711] info: undefined
2022-09-30 14:43:24 [HX711] info: undefined
2022-09-30 14:43:25 [HX711] info: undefined
2022-09-30 14:43:25 [HX711] info: undefined
2022-09-30 14:43:26 [HX711] info: undefined
2022-09-30 14:43:26 [HX711] info: undefined
2022-09-30 14:43:27 [HX711] info: undefined
2022-09-30 14:43:27 [HX711] info: undefined
2022-09-30 14:43:28 [HX711] info: undefined
2022-09-30 14:43:28 [HX711] info: undefined
2022-09-30 14:43:29 [HX711] info: undefined
2022-09-30 14:43:29 [HX711] info: undefined
2022-09-30 14:43:30 [HX711] info: undefined
2022-09-30 14:43:30 [HX711] info: undefined
2022-09-30 14:43:31 [HX711] info: undefined
2022-09-30 14:43:31 [HX711] info: undefined
2022-09-30 14:43:32 [HX711] info: undefined
2022-09-30 14:43:32 [HX711] info: undefined
2022-09-30 14:43:33 [HX711] info: undefined
2022-09-30 14:43:33 [HX711] info: undefined
2022-09-30 14:43:34 [HX711] info: undefined
2022-09-30 14:43:34 [HX711] info: undefined
2022-09-30 14:43:35 [HX711] info: undefined
2022-09-30 14:43:35 [HX711] info: undefined
2022-09-30 14:43:36 [HX711] info: undefined
2022-09-30 14:43:36 [HX711] info: undefined
2022-09-30 14:43:37 [HX711] info: undefined
2022-09-30 14:43:37 [HX711] info: undefined
2022-09-30 14:43:38 [HX711] info: undefined
2022-09-30 14:43:38 [HX711] info: undefined
2022-09-30 14:43:39 [HX711] info: undefined
2022-09-30 14:43:39 [HX711] info: undefined
2022-09-30 14:43:40 [HX711] info: undefined
2022-09-30 14:43:40 [HX711] info: undefined
2022-09-30 14:43:41 [HX711] info: undefined
2022-09-30 14:43:41 [HX711] info: undefined
2022-09-30 14:43:42 [HX711] info: undefined
2022-09-30 14:43:42 [HX711] info: undefined
2022-09-30 14:43:43 [HX711] info: undefined
2022-09-30 14:43:43 [HX711] info: undefined
2022-09-30 14:43:44 [HX711] info: undefined
2022-09-30 14:43:44 [HX711] info: undefined
2022-09-30 14:43:45 [HX711] info: undefined
2022-09-30 14:43:45 [HX711] info: undefined
2022-09-30 14:43:46 [HX711] info: undefined
2022-09-30 14:43:46 [HX711] info: undefined
2022-09-30 14:43:47 [HX711] info: undefined
2022-09-30 14:43:47 [HX711] info: undefined
2022-09-30 14:43:48 [HX711] info: undefined
2022-09-30 14:43:48 [HX711] info: undefined
2022-09-30 14:43:49 [HX711] info: undefined
2022-09-30 14:43:49 [HX711] info: undefined
2022-09-30 14:43:50 [HX711] info: undefined
2022-09-30 14:43:50 [HX711] info: undefined
2022-09-30 14:43:51 [HX711] info: undefined
2022-09-30 14:43:51 [HX711] info: undefined
2022-09-30 14:43:52 [HX711] info: undefined
2022-09-30 14:43:52 [HX711] info: undefined
2022-09-30 14:43:53 [HX711] info: undefined
2022-09-30 14:43:53 [HX711] info: undefined
2022-09-30 14:43:54 [HX711] info: undefined
2022-09-30 14:43:54 [HX711] info: undefined
2022-09-30 14:43:55 [HX711] info: undefined
2022-09-30 14:43:55 [HX711] info: undefined
2022-09-30 14:43:56 [HX711] info: undefined
2022-09-30 14:43:56 [HX711] info: undefined
2022-09-30 14:43:57 [HX711] info: undefined
2022-09-30 14:43:57 [HX711] info: undefined
2022-09-30 14:43:58 [HX711] info: undefined
2022-09-30 14:43:58 [HX711] info: undefined
2022-09-30 14:43:59 [HX711] info: undefined
2022-09-30 14:43:59 [HX711] info: undefined
2022-09-30 14:44:00 [HX711] info: undefined
2022-09-30 14:44:00 [HX711] info: undefined
2022-09-30 14:44:01 [HX711] info: undefined
2022-09-30 14:44:01 [HX711] info: undefined
2022-09-30 14:44:02 [HX711] info: undefined
2022-09-30 14:44:02 [HX711] info: undefined
2022-09-30 14:44:03 [HX711] info: undefined
2022-09-30 14:44:03 [HX711] info: undefined
2022-09-30 14:44:04 [HX711] info: undefined
2022-09-30 14:44:04 [HX711] info: undefined
2022-09-30 14:44:05 [HX711] info: undefined
2022-09-30 14:44:05 [HX711] info: undefined
2022-09-30 14:44:06 [HX711] info: undefined
2022-09-30 14:44:06 [HX711] info: undefined
2022-09-30 14:44:07 [HX711] info: undefined
2022-09-30 14:44:07 [HX711] info: undefined
2022-09-30 14:44:08 [HX711] info: undefined
2022-09-30 14:44:08 [HX711] info: undefined
2022-09-30 14:44:09 [HX711] info: undefined
2022-09-30 14:44:09 [HX711] info: undefined
2022-09-30 14:44:10 [HX711] info: undefined
2022-09-30 14:44:10 [HX711] info: undefined
2022-09-30 14:44:11 [HX711] info: undefined
2022-09-30 14:44:11 [HX711] info: undefined
2022-09-30 14:44:12 [HX711] info: undefined
2022-09-30 14:44:12 [HX711] info: undefined
2022-09-30 14:44:13 [HX711] info: undefined
2022-09-30 14:44:13 [HX711] info: undefined
2022-09-30 14:44:14 [HX711] info: undefined
2022-09-30 14:44:14 [HX711] info: undefined
2022-09-30 14:44:15 [HX711] info: undefined
2022-09-30 14:44:15 [HX711] info: undefined
2022-09-30 14:44:16 [HX711] info: undefined
2022-09-30 14:44:16 [HX711] info: undefined
2022-09-30 14:44:17 [HX711] info: undefined
2022-09-30 14:44:17 [HX711] info: undefined
2022-09-30 14:44:18 [HX711] info: undefined
2022-09-30 14:44:18 [HX711] info: undefined
2022-09-30 14:44:20 [HX711] info: SEND /
2022-09-30 14:44:22 [HX711] info: 0
2022-09-30 14:44:23 [HX711] info: 1
2022-09-30 14:44:24 [HX711] info: RECEIVE /
2022-09-30 14:44:24 [HX711] info: 2
2022-09-30 14:44:25 [HX711] info: 3
2022-09-30 14:44:26 [HX711] info: 4
2022-09-30 14:44:27 [HX711] info: 5
2022-09-30 14:44:28 [HX711] info: 6
2022-09-30 14:44:29 [HX711] info: 7
2022-09-30 14:44:30 [HX711] info: 8
2022-09-30 14:44:31 [HX711] info: 9
2022-09-30 14:44:32 [HX711] info: 10
2022-09-30 14:44:33 [HX711] info: 11
2022-09-30 14:44:34 [HX711] info: 12
2022-09-30 14:44:35 [HX711] info: 13
2022-09-30 14:44:36 [HX711] info: 14
2022-09-30 14:44:37 [HX711] info: 15
2022-09-30 14:44:38 [HX711] info: 16
2022-09-30 14:44:39 [HX711] info: 17
2022-09-30 14:44:40 [HX711] info: 18
2022-09-30 14:44:41 [HX711] info: 19
2022-09-30 14:44:42 [HX711] info: 20
2022-09-30 14:44:43 [HX711] info: 21
2022-09-30 14:44:44 [HX711] info: 22
2022-09-30 14:44:45 [HX711] info: 23
2022-09-30 14:44:46 [HX711] info: 24
2022-09-30 14:44:47 [HX711] info: 25
2022-09-30 14:44:48 [HX711] info: 26
2022-09-30 14:44:49 [HX711] info: 27
2022-09-30 14:44:50 [HX711] info: 28
2022-09-30 14:44:51 [HX711] info: 29
2022-09-30 14:44:52 [HX711] info: 30
2022-09-30 14:44:53 [HX711] info: 31
2022-09-30 14:44:54 [HX711] info: 32
2022-09-30 14:44:54 [HX711] info: CHART /
2022-09-30 14:44:55 [HX711] info: 33
2022-09-30 14:44:56 [HX711] info: 34
2022-09-30 14:44:57 [HX711] info: 35
2022-09-30 14:44:58 [HX711] info: 36
2022-09-30 14:44:59 [HX711] info: 37
2022-09-30 14:45:00 [HX711] info: 38
2022-09-30 14:45:01 [HX711] info: 39
2022-09-30 14:45:02 [HX711] info: 40
2022-09-30 14:45:03 [HX711] info: 41
2022-09-30 14:45:04 [HX711] info: 42
2022-09-30 14:45:05 [HX711] info: 43
2022-09-30 14:45:06 [HX711] info: 44
2022-09-30 14:45:07 [HX711] info: 45
2022-09-30 14:45:08 [HX711] info: 46
2022-09-30 14:45:09 [HX711] info: 47
2022-09-30 14:45:10 [HX711] info: 48
2022-09-30 14:45:11 [HX711] info: 49
2022-09-30 14:45:12 [HX711] info: 50
2022-09-30 14:45:13 [HX711] info: 51
2022-09-30 14:45:14 [HX711] info: 52
2022-09-30 14:45:15 [HX711] info: 53
2022-09-30 14:45:16 [HX711] info: 54
2022-09-30 14:45:17 [HX711] info: 55
2022-09-30 14:45:18 [HX711] info: 56
2022-09-30 14:45:19 [HX711] info: 57
2022-09-30 14:45:20 [HX711] info: 58
