2022-09-30 14:22:08 [HX711] error: uncaughtException: Chart is not defined
ReferenceError: Chart is not defined
    at Object.<anonymous> (/home/sgn04088/study/socket.io/index.js:19:1)
    at Module._compile (node:internal/modules/cjs/loader:1099:14)
    at Object.Module._extensions..js (node:internal/modules/cjs/loader:1153:10)
    at Module.load (node:internal/modules/cjs/loader:975:32)
    at Function.Module._load (node:internal/modules/cjs/loader:822:12)
    at Function.executeUserEntryPoint [as runMain] (node:internal/modules/run_main:77:12)
    at node:internal/main/run_main_module:17:47
2022-09-30 14:24:47 [HX711] error: uncaughtException: ChartStreaming is not defined
ReferenceError: ChartStreaming is not defined
    at Object.<anonymous> (/home/sgn04088/study/socket.io/index.js:19:16)
    at Module._compile (node:internal/modules/cjs/loader:1099:14)
    at Object.Module._extensions..js (node:internal/modules/cjs/loader:1153:10)
    at Module.load (node:internal/modules/cjs/loader:975:32)
    at Function.Module._load (node:internal/modules/cjs/loader:822:12)
    at Function.executeUserEntryPoint [as runMain] (node:internal/modules/run_main:77:12)
    at node:internal/main/run_main_module:17:47
2022-09-30 14:29:21 [HX711] error: uncaughtException: ChartStreaming is not defined
ReferenceError: ChartStreaming is not defined
    at Object.<anonymous> (/home/sgn04088/study/socket.io/index.js:19:16)
    at Module._compile (node:internal/modules/cjs/loader:1099:14)
    at Object.Module._extensions..js (node:internal/modules/cjs/loader:1153:10)
    at Module.load (node:internal/modules/cjs/loader:975:32)
    at Function.Module._load (node:internal/modules/cjs/loader:822:12)
    at Function.executeUserEntryPoint [as runMain] (node:internal/modules/run_main:77:12)
    at node:internal/main/run_main_module:17:47
2022-09-30 14:29:36 [HX711] error: uncaughtException: Chart is not defined
ReferenceError: Chart is not defined
    at Object.<anonymous> (/home/sgn04088/study/socket.io/index.js:19:1)
    at Module._compile (node:internal/modules/cjs/loader:1099:14)
    at Object.Module._extensions..js (node:internal/modules/cjs/loader:1153:10)
    at Module.load (node:internal/modules/cjs/loader:975:32)
    at Function.Module._load (node:internal/modules/cjs/loader:822:12)
    at Function.executeUserEntryPoint [as runMain] (node:internal/modules/run_main:77:12)
    at node:internal/main/run_main_module:17:47
2022-09-30 14:29:59 [HX711] error: uncaughtException: Chart is not defined
ReferenceError: Chart is not defined
    at Object.<anonymous> (/home/sgn04088/study/socket.io/index.js:19:1)
    at Module._compile (node:internal/modules/cjs/loader:1099:14)
    at Object.Module._extensions..js (node:internal/modules/cjs/loader:1153:10)
    at Module.load (node:internal/modules/cjs/loader:975:32)
    at Function.Module._load (node:internal/modules/cjs/loader:822:12)
    at Function.executeUserEntryPoint [as runMain] (node:internal/modules/run_main:77:12)
    at node:internal/main/run_main_module:17:47
2022-09-30 14:30:15 [HX711] error: uncaughtException: Chart is not defined
ReferenceError: Chart is not defined
    at Object.<anonymous> (/home/sgn04088/study/socket.io/index.js:19:1)
    at Module._compile (node:internal/modules/cjs/loader:1099:14)
    at Object.Module._extensions..js (node:internal/modules/cjs/loader:1153:10)
    at Module.load (node:internal/modules/cjs/loader:975:32)
    at Function.Module._load (node:internal/modules/cjs/loader:822:12)
    at Function.executeUserEntryPoint [as runMain] (node:internal/modules/run_main:77:12)
    at node:internal/main/run_main_module:17:47
2022-09-30 14:30:35 [HX711] error: uncaughtException: Chart is not defined
ReferenceError: Chart is not defined
    at Object.<anonymous> (/home/sgn04088/study/socket.io/index.js:15:1)
    at Module._compile (node:internal/modules/cjs/loader:1099:14)
    at Object.Module._extensions..js (node:internal/modules/cjs/loader:1153:10)
    at Module.load (node:internal/modules/cjs/loader:975:32)
    at Function.Module._load (node:internal/modules/cjs/loader:822:12)
    at Function.executeUserEntryPoint [as runMain] (node:internal/modules/run_main:77:12)
    at node:internal/main/run_main_module:17:47
2022-09-30 14:31:34 [HX711] error: uncaughtException: Chart is not defined
ReferenceError: Chart is not defined
    at Object.<anonymous> (/home/sgn04088/study/socket.io/index.js:14:1)
    at Module._compile (node:internal/modules/cjs/loader:1099:14)
    at Object.Module._extensions..js (node:internal/modules/cjs/loader:1153:10)
    at Module.load (node:internal/modules/cjs/loader:975:32)
    at Function.Module._load (node:internal/modules/cjs/loader:822:12)
    at Function.executeUserEntryPoint [as runMain] (node:internal/modules/run_main:77:12)
    at node:internal/main/run_main_module:17:47
2022-09-30 14:34:02 [HX711] error: uncaughtException: Chart is not defined
ReferenceError: Chart is not defined
    at Object.<anonymous> (/home/sgn04088/study/socket.io/index.js:14:1)
    at Module._compile (node:internal/modules/cjs/loader:1099:14)
    at Object.Module._extensions..js (node:internal/modules/cjs/loader:1153:10)
    at Module.load (node:internal/modules/cjs/loader:975:32)
    at Function.Module._load (node:internal/modules/cjs/loader:822:12)
    at Function.executeUserEntryPoint [as runMain] (node:internal/modules/run_main:77:12)
    at node:internal/main/run_main_module:17:47
